[info] welcome to sbt 1.4.9 (Private Build Java 13.0.7)
[info] loading settings for project uclid-build from plugins.sbt ...
[info] loading project definition from /home/magna/Desktop/git_clone/uclid/project
[info] loading settings for project uclid from build.sbt ...
[info] set current project to uclid (in build file:/home/magna/Desktop/git_clone/uclid/)
[info] Wrote /home/magna/Desktop/git_clone/uclid/target/scala-2.12/uclid_2.12-0.9.5.pom
[success] All package validations passed
[success] Total time: 2 s, completed Jun 23, 2022, 11:01:26 AM
Archive:  uclid-0.9.5.zip
  inflating: uclid-0.9.5/lib/default.uclid-0.9.5.jar  
  inflating: uclid-0.9.5/lib/com.microsoft.z3.jar  
  inflating: uclid-0.9.5/lib/org.scala-lang.scala-library-2.12.11.jar  
  inflating: uclid-0.9.5/lib/com.typesafe.scala-logging.scala-logging_2.12-3.9.2.jar  
  inflating: uclid-0.9.5/lib/ch.qos.logback.logback-classic-1.2.3.jar  
  inflating: uclid-0.9.5/lib/org.scala-lang.modules.scala-parser-combinators_2.12-1.1.2.jar  
  inflating: uclid-0.9.5/lib/org.scalactic.scalactic_2.12-3.2.2.jar  
  inflating: uclid-0.9.5/lib/com.github.scopt.scopt_2.12-3.7.1.jar  
  inflating: uclid-0.9.5/lib/org.json4s.json4s-jackson_2.12-4.0.3.jar  
  inflating: uclid-0.9.5/lib/org.scala-lang.scala-reflect-2.12.11.jar  
  inflating: uclid-0.9.5/lib/org.slf4j.slf4j-api-1.7.25.jar  
  inflating: uclid-0.9.5/lib/ch.qos.logback.logback-core-1.2.3.jar  
  inflating: uclid-0.9.5/lib/org.json4s.json4s-core_2.12-4.0.3.jar  
  inflating: uclid-0.9.5/lib/org.json4s.json4s-jackson-core_2.12-4.0.3.jar  
  inflating: uclid-0.9.5/lib/org.json4s.json4s-ast_2.12-4.0.3.jar  
  inflating: uclid-0.9.5/lib/org.json4s.json4s-scalap_2.12-4.0.3.jar  
  inflating: uclid-0.9.5/lib/com.thoughtworks.paranamer.paranamer-2.8.jar  
  inflating: uclid-0.9.5/lib/com.fasterxml.jackson.core.jackson-databind-2.12.4.jar  
  inflating: uclid-0.9.5/lib/com.fasterxml.jackson.core.jackson-annotations-2.12.4.jar  
  inflating: uclid-0.9.5/lib/com.fasterxml.jackson.core.jackson-core-2.12.4.jar  
  inflating: uclid-0.9.5/bin/uclid   
  inflating: uclid-0.9.5/bin/uclid.bat  


uclid parser_test/100.ucl
Command unroll is deprecated. Please use bmc, or bmc_noLTL in future for non-LTL properties
Command unroll is deprecated. Please use bmc, or bmc_noLTL in future for non-LTL properties
Successfully instantiated 1 module(s).


uclid parser_test/101.ucl
Syntax error on line 12: unpaired '{'.
module main 


uclid parser_test/102.ucl
Command unroll is deprecated. Please use bmc, or bmc_noLTL in future for non-LTL properties
Command unroll is deprecated. Please use bmc, or bmc_noLTL in future for non-LTL properties
Successfully instantiated 1 module(s).
9 assertions passed.
0 assertions failed.
0 assertions indeterminate.
  PASSED -> v2 [Step #0] property push_affects_tail @ parser_test/102.ucl, line 28
  PASSED -> v2 [Step #1] precondition @ parser_test/102.ucl, line 31
  PASSED -> v2 [Step #1] property push_affects_tail @ parser_test/102.ucl, line 28
  PASSED -> v2 [Step #2] precondition @ parser_test/102.ucl, line 31
  PASSED -> v2 [Step #2] property push_affects_tail @ parser_test/102.ucl, line 28
  PASSED -> v2 [Step #3] precondition @ parser_test/102.ucl, line 31
  PASSED -> v2 [Step #3] property push_affects_tail @ parser_test/102.ucl, line 28
  PASSED -> v2 [Step #4] precondition @ parser_test/102.ucl, line 31
  PASSED -> v2 [Step #4] property push_affects_tail @ parser_test/102.ucl, line 28
Finished execution for module: main.


uclid parser_test/103.ucl
Syntax error on line 16: Syntax Error in Expression.
    x = 0.0;


uclid parser_test/104.ucl
Syntax error on line 39: cannot find key word module.
	modulemain z {


uclid parser_test/105.ucl
Syntax error on line 7: loss of '{'.
module main


uclid parser_test/106.ucl
Syntax error on line 11: Syntax Error in Expression.
	x=z.k+ = z.k;


uclid parser_test/107.ucl
Syntax error on line 12: unpaird '{' .
  procedure add4(x : word_t) returns (y : word_t) {


uclid parser_test/108.ucl
Syntax error on parser_test/108.ucl, line 17: end of input expected.
    invariant trivial : sbool;


uclid parser_test/109.ucl
Syntax error on line 18: Syntax Error in Expression.
	x[i]= bv3; 0;


uclid parser_test/10.ucl
Syntax error on line 8: unpaired '{'.
module cpu {


uclid parser_test/110.ucl
Syntax error on line 8: unpaired '{'.
module abstract_cache {


uclid parser_test/111.ucl
Syntax error on parser_test/111.ucl, line 7: end of input expected.
{


uclid parser_test/112.ucl
Successfully instantiated 1 module(s).
7 assertions passed.
1 assertions failed.
0 assertions indeterminate.
  PASSED -> v [Step #0] property cnt_eventually_3:safety @ parser_test/112.ucl, line 18
  PASSED -> v [Step #0] property cnt_eventually_3:liveness @ parser_test/112.ucl, line 18
  PASSED -> v [Step #1] property cnt_eventually_3:safety @ parser_test/112.ucl, line 18
  PASSED -> v [Step #1] property cnt_eventually_3:liveness @ parser_test/112.ucl, line 18
  PASSED -> v [Step #2] property cnt_eventually_3:safety @ parser_test/112.ucl, line 18
  PASSED -> v [Step #2] property cnt_eventually_3:liveness @ parser_test/112.ucl, line 18
  PASSED -> v [Step #3] property cnt_eventually_3:safety @ parser_test/112.ucl, line 18
  FAILED -> v [Step #3] property cnt_eventually_3:liveness @ parser_test/112.ucl, line 18
Finished execution for module: main.


uclid parser_test/113.ucl
Syntax error on line 8: unpaired '{'.
module main 


uclid parser_test/114.ucl
Syntax error on line 15: unpaired '{'.
module main 


uclid parser_test/115.ucl
Syntax error on parser_test/115.ucl, line 8: end of input expected.
    var x : integer;


uclid parser_test/116.ucl
Syntax error on line 9: unpaired '{'.
module main {


uclid parser_test/117.ucl
Syntax error on parser_test/117.ucl, line 8: end of input expected.
    synthesis function iszero (x : integer) : boolean


uclid parser_test/118.ucl
Syntax error on parser_test/118.ucl, line 16: end of input expected.
    next {


uclid parser_test/119.ucl
Syntax error on line 27: Syntax Error in Expression.
	y control // } =y+i;


uclid parser_test/11.ucl
Syntax error on line 7: unpaired '{'.
module main


uclid parser_test/120.ucl
Syntax error on line 8: unpaired '{'.
module main


uclid parser_test/121.ucl
Syntax error on line 13: unpaired '{'.
module queue


uclid parser_test/122.ucl
Command unroll is deprecated. Please use bmc, or bmc_noLTL in future for non-LTL properties
Command unroll is deprecated. Please use bmc, or bmc_noLTL in future for non-LTL properties
Successfully instantiated 3 module(s).
0 assertions passed.
0 assertions failed.
0 assertions indeterminate.
Finished execution for module: main.


uclid parser_test/123.ucl
Syntax error on line 17: unpaird '{' .
    next {


uclid parser_test/124.ucl
Syntax error on line 53: unpaird '{' .
  {


uclid parser_test/125.ucl
Successfully instantiated 1 module(s).
0 assertions passed.
0 assertions failed.
0 assertions indeterminate.
Finished execution for module: main.


uclid parser_test/126.ucl
Syntax error on line 7: unpaired '{'.
module main {


uclid parser_test/127.ucl
Syntax error on line 12: Syntax Error in Expression.
	v._1= tuple } 0;


uclid parser_test/128.ucl
Type error at line 25: Unknown identifier: y.
    property myprop : extmax(x, y) >= x && extmax(x, y) >= y;
                                ^
Type error at line 25: Unknown identifier: y.
    property myprop : extmax(x, y) >= x && extmax(x, y) >= y;
                                                     ^
Type error at line 25: Unknown identifier: y.
    property myprop : extmax(x, y) >= x && extmax(x, y) >= y;
                                                           ^
Parsing failed. 3 errors found.


uclid parser_test/129.ucl
Parser error parser_test/129.ucl, line 10: Pre/Post Conditions using trace select should use atleast two traces.
    ensures ( (intVal.1 >= 0)); /* Should work with atleast 2 traces - Not a hyper property*/
               ^


uclid parser_test/12.ucl
Syntax error on parser_test/12.ucl, line 9: end of input expected.
{


uclid parser_test/130.ucl
Syntax error on line 7: unpaired '{'.
module main {


uclid parser_test/131.ucl
Syntax error on line 26: Syntax Error in Expression.
	res { =0;


uclid parser_test/132.ucl
Type error at line 11: Unknown identifier: a.
    group myGroup : t = {a,b,c,d};
                         ^
Type error at line 11: Unknown identifier: b.
    group myGroup : t = {a,b,c,d};
                           ^
Type error at line 11: Unknown identifier: c.
    group myGroup : t = {a,b,c,d};
                             ^
Type error at line 11: Unknown identifier: d.
    group myGroup : t = {a,b,c,d};
                               ^
Parsing failed. 4 errors found.


uclid parser_test/133.ucl
Syntax error on line 8: loss of '{'.
module main


uclid parser_test/134.ucl
Syntax error on parser_test/134.ucl, line 9: end of input expected.
  var state : boolean;


uclid parser_test/135.ucl
Syntax error on line 34: loss of '{'.
module main


uclid parser_test/136.ucl
Syntax error on line 12: Syntax Error in Expression.
	x { =1;


uclid parser_test/137.ucl
Successfully instantiated 1 module(s).
4 assertions passed.
0 assertions failed.
0 assertions indeterminate.
  PASSED -> vobj [Step #0] property ltl_prop:liveness @ parser_test/137.ucl, line 457
  PASSED -> vobj [Step #0] property ltl_prop:safety @ parser_test/137.ucl, line 457
  PASSED -> vobj [Step #1] property ltl_prop:liveness @ parser_test/137.ucl, line 457
  PASSED -> vobj [Step #1] property ltl_prop:safety @ parser_test/137.ucl, line 457
Finished execution for module: main.


uclid parser_test/138.ucl
Syntax error on line 14: unpaired '{'.
module main {


uclid parser_test/139.ucl
Syntax error on line 12: unpaired '{'.
module main {


uclid parser_test/13.ucl
Syntax error on line 10: Syntax Error after keyword var.
    var integer;


uclid parser_test/140.ucl
Syntax error on parser_test/140.ucl, line 8: end of input expected.
{


uclid parser_test/141.ucl
Syntax error on line 14: Syntax Error in Expression.
	assume(x<y); v 


uclid parser_test/142.ucl
Syntax error on line 16: unpaird '{' .
  next {


uclid parser_test/143.ucl
Command unroll is deprecated. Please use bmc, or bmc_noLTL in future for non-LTL properties
Command unroll is deprecated. Please use bmc, or bmc_noLTL in future for non-LTL properties
Successfully instantiated 1 module(s).
1 assertions passed.
0 assertions failed.
0 assertions indeterminate.
  PASSED -> v [Step #1] assertion @ parser_test/143.ucl, line 16
Finished execution for module: main.


uclid parser_test/144.ucl
Syntax error on line 17: Syntax Error after keyword property.
	property[LTL]p:G(b==>!X(b)) bmc(2); &&


uclid parser_test/145.ucl
Syntax error on line 6: Syntax Error after keyword module.
	module > main{


uclid parser_test/146.ucl
Syntax error on line 9: Syntax Error after keyword var.
	var } state:state_t;


uclid parser_test/147.ucl
Syntax error on line 8: unpaired '{'.
module main {


uclid parser_test/148.ucl
Syntax error on line 12: Syntax Error in Procedure block.
  procedure [noinline] incr()


uclid parser_test/149.ucl
Syntax error on line 44: Syntax Error in Expression.
	init{ q.deq_valid, 


uclid parser_test/14.ucl
Syntax error on line 7: unpaired '{'.
module main


uclid parser_test/150.ucl
Command unroll is deprecated. Please use bmc, or bmc_noLTL in future for non-LTL properties
Command unroll is deprecated. Please use bmc, or bmc_noLTL in future for non-LTL properties
Successfully instantiated 1 module(s).
0 assertions passed.
5 assertions failed.
0 assertions indeterminate.
  FAILED -> unroll [Step #1] assertion @ parser_test/150.ucl, line 46
  FAILED -> unroll [Step #2] assertion @ parser_test/150.ucl, line 46
  FAILED -> unroll [Step #3] assertion @ parser_test/150.ucl, line 46
  FAILED -> unroll [Step #4] assertion @ parser_test/150.ucl, line 46
  FAILED -> unroll [Step #5] assertion @ parser_test/150.ucl, line 46
Finished execution for module: main.


uclid parser_test/151.ucl
Syntax error on line 6: unpaired '{'.
module main {


uclid parser_test/152.ucl
Syntax error on line 11: unpaird '{' .
    init {


uclid parser_test/153.ucl
Syntax error on line 7: unpaired '{'.
module main


uclid parser_test/154.ucl
Successfully instantiated 2 module(s).
Finished execution for module: main.


uclid parser_test/155.ucl
Syntax error on line 36: unpaired '{'.
module sys {


uclid parser_test/156.ucl
Syntax error on line 15: unpaird '{' .
  next {


uclid parser_test/157.ucl
Syntax error on line 8: unpaired '{'.
module main {


uclid parser_test/158.ucl
Syntax error on line 147: cannot find key word module.
	} SUCCESS) Bad}; 


uclid parser_test/159.ucl
Syntax error on line 31: Syntax Error after keyword if.
	if (!chicken grass, (move==2bv2){


uclid parser_test/15.ucl
Syntax error on line 14: unpaird '{' .
    init {


uclid parser_test/160.ucl
Syntax error on line 12: unpaired '{'.
module module1 {


uclid parser_test/161.ucl
Syntax error on line 8: cannot find key word module.
	*/ print_results; } 


uclid parser_test/162.ucl
Successfully instantiated 1 module(s).
5 assertions passed.
0 assertions failed.
0 assertions indeterminate.
  PASSED -> v1: induction_step [Step #1] precondition @ parser_test/162.ucl, line 12
  PASSED -> v1: induction_step [Step #1] postcondition @ parser_test/162.ucl, line 13
  PASSED -> v1: induction_step [Step #1] precondition @ parser_test/162.ucl, line 24
  PASSED -> v1: induction_step [Step #1] postcondition @ parser_test/162.ucl, line 25
  PASSED -> v2: verify_works [Step #1] postcondition @ parser_test/162.ucl, line 13
6 assertions passed.
0 assertions failed.
0 assertions indeterminate.
  PASSED -> v1: induction_step [Step #1] precondition @ parser_test/162.ucl, line 12
  PASSED -> v1: induction_step [Step #1] postcondition @ parser_test/162.ucl, line 13
  PASSED -> v1: induction_step [Step #1] precondition @ parser_test/162.ucl, line 24
  PASSED -> v1: induction_step [Step #1] postcondition @ parser_test/162.ucl, line 25
  PASSED -> v2: verify_works [Step #1] postcondition @ parser_test/162.ucl, line 13
  PASSED -> verify_doesnt_work [Step #1] postcondition @ parser_test/162.ucl, line 25
Finished execution for module: main.


uclid parser_test/163.ucl
Syntax error on line 14: Syntax Error after keyword next.
	next init } {


uclid parser_test/164.ucl
Syntax error on line 6: loss of '{'.
module main


uclid parser_test/165.ucl
Syntax error on line 6: unpaired '{'.
module main


uclid parser_test/166.ucl
Syntax error on line 7: unpaired '{'.
module main {


uclid parser_test/167.ucl
Type error at line 43: Unknown identifier: h.
  invariant test : (x == y) && h(f, g); 
                               ^
Parsing failed. 1 errors found.


uclid parser_test/168.ucl
Syntax error on line 15: unpaird '{' .
  next {


uclid parser_test/169.ucl
Syntax error on line 8: unpaired '{'.
module main {


uclid parser_test/16.ucl
Syntax error on line 16: Syntax Error in Expression.
	fori } inrange(10,1){


uclid parser_test/170.ucl
Syntax error on line 6: Syntax Error after keyword module.
	module + next main


uclid parser_test/171.ucl
Syntax error on line 8: unpaired '{'.
module main


uclid parser_test/172.ucl
Syntax error on line 21: loss of '{'.
module main


uclid parser_test/173.ucl
Syntax error on line 6: unpaired '{'.
module main {


uclid parser_test/174.ucl
Syntax error on line 8: unpaired '{'.
module main {


uclid parser_test/175.ucl
Syntax error on line 18: Syntax Error after keyword case.
      case


uclid parser_test/176.ucl
Syntax error on line 10: unpaird '{' .
	init{ init = 


uclid parser_test/177.ucl
Syntax error on line 56: unpaird '{' .
  next {


uclid parser_test/178.ucl
Syntax error on line 6: unpaired '{'.
module main


uclid parser_test/179.ucl
Syntax error on line 55: unpaird '{' .
  next {


uclid parser_test/17.ucl
Syntax error on line 7: unpaired '{'.
module main {


uclid parser_test/180.ucl
Syntax error on line 9: cannot find key word module.
	modulemain 


uclid parser_test/181.ucl
Command unroll is deprecated. Please use bmc, or bmc_noLTL in future for non-LTL properties
Command unroll is deprecated. Please use bmc, or bmc_noLTL in future for non-LTL properties
Successfully instantiated 1 module(s).
CEX for v [Step #1] property z @ parser_test/181.ucl, line 19
=================================
Step #0
  a : 255
  b : 65281
=================================
=================================
Step #1
  a : 254
  b : 65281
=================================
CEX for v [Step #2] property z @ parser_test/181.ucl, line 19
=================================
Step #0
  a : 255
  b : 65281
=================================
=================================
Step #1
  a : 254
  b : 65281
=================================
=================================
Step #2
  a : 253
  b : 65281
=================================
CEX for v [Step #3] property z @ parser_test/181.ucl, line 19
=================================
Step #0
  a : 255
  b : 65281
=================================
=================================
Step #1
  a : 254
  b : 65281
=================================
=================================
Step #2
  a : 253
  b : 65281
=================================
=================================
Step #3
  a : 252
  b : 65281
=================================
CEX for v [Step #4] property z @ parser_test/181.ucl, line 19
=================================
Step #0
  a : 255
  b : 65281
=================================
=================================
Step #1
  a : 254
  b : 65281
=================================
=================================
Step #2
  a : 253
  b : 65281
=================================
=================================
Step #3
  a : 252
  b : 65281
=================================
=================================
Step #4
  a : 251
  b : 65281
=================================
CEX for v [Step #5] property z @ parser_test/181.ucl, line 19
=================================
Step #0
  a : 255
  b : 65281
=================================
=================================
Step #1
  a : 254
  b : 65281
=================================
=================================
Step #2
  a : 253
  b : 65281
=================================
=================================
Step #3
  a : 252
  b : 65281
=================================
=================================
Step #4
  a : 251
  b : 65281
=================================
=================================
Step #5
  a : 250
  b : 65281
=================================
CEX for v [Step #6] property z @ parser_test/181.ucl, line 19
=================================
Step #0
  a : 255
  b : 65281
=================================
=================================
Step #1
  a : 254
  b : 65281
=================================
=================================
Step #2
  a : 253
  b : 65281
=================================
=================================
Step #3
  a : 252
  b : 65281
=================================
=================================
Step #4
  a : 251
  b : 65281
=================================
=================================
Step #5
  a : 250
  b : 65281
=================================
=================================
Step #6
  a : 249
  b : 65281
=================================
CEX for v [Step #7] property z @ parser_test/181.ucl, line 19
=================================
Step #0
  a : 255
  b : 65281
=================================
=================================
Step #1
  a : 254
  b : 65281
=================================
=================================
Step #2
  a : 253
  b : 65281
=================================
=================================
Step #3
  a : 252
  b : 65281
=================================
=================================
Step #4
  a : 251
  b : 65281
=================================
=================================
Step #5
  a : 250
  b : 65281
=================================
=================================
Step #6
  a : 249
  b : 65281
=================================
=================================
Step #7
  a : 248
  b : 65281
=================================
CEX for v [Step #8] property z @ parser_test/181.ucl, line 19
=================================
Step #0
  a : 255
  b : 65281
=================================
=================================
Step #1
  a : 254
  b : 65281
=================================
=================================
Step #2
  a : 253
  b : 65281
=================================
=================================
Step #3
  a : 252
  b : 65281
=================================
=================================
Step #4
  a : 251
  b : 65281
=================================
=================================
Step #5
  a : 250
  b : 65281
=================================
=================================
Step #6
  a : 249
  b : 65281
=================================
=================================
Step #7
  a : 248
  b : 65281
=================================
=================================
Step #8
  a : 247
  b : 65281
=================================
1 assertions passed.
8 assertions failed.
0 assertions indeterminate.
  PASSED -> v [Step #0] property z @ parser_test/181.ucl, line 19
  FAILED -> v [Step #1] property z @ parser_test/181.ucl, line 19
  FAILED -> v [Step #2] property z @ parser_test/181.ucl, line 19
  FAILED -> v [Step #3] property z @ parser_test/181.ucl, line 19
  FAILED -> v [Step #4] property z @ parser_test/181.ucl, line 19
  FAILED -> v [Step #5] property z @ parser_test/181.ucl, line 19
  FAILED -> v [Step #6] property z @ parser_test/181.ucl, line 19
  FAILED -> v [Step #7] property z @ parser_test/181.ucl, line 19
  FAILED -> v [Step #8] property z @ parser_test/181.ucl, line 19
Finished execution for module: main.


uclid parser_test/182.ucl
Syntax error on line 8: unpaired '{'.
module main


uclid parser_test/183.ucl
Syntax error on line 7: unpaired '{'.
module main {


uclid parser_test/184.ucl
Syntax error on parser_test/184.ucl, line 8: end of input expected.
	var cpt,oldcpt : integer ;


uclid parser_test/185.ucl
Syntax error on line 7: unpaired '{'.
module main {


uclid parser_test/186.ucl
Syntax error on line 7: unpaired '{'.
module main {


uclid parser_test/187.ucl
Syntax error on line 9: unpaired '{'.
module main {


uclid parser_test/188.ucl
Syntax error on line 7: cannot find key word module.
	modulemain{ { 


uclid parser_test/189.ucl
Syntax error on line 12: Syntax Error after keyword init.
	init } {


uclid parser_test/18.ucl
Syntax error on line 12: unpaired '{'.
module cpu {


uclid parser_test/190.ucl
Syntax error on line 8: unpaired '{'.
module child {


uclid parser_test/191.ucl
Syntax error on line 8: unpaired '{'.
module main {


uclid parser_test/192.ucl
Error at parser_test/192.ucl, line 37: Recursion involving define declarations: relation1, relation2.
  define relation2(b : integer) : boolean = relation1(b);
         ^
Error at parser_test/192.ucl, line 36: Recursion involving define declarations: relation2, relation1.
  define relation1(a : integer) : boolean = relation2(a);
         ^
Parsing failed. 2 errors found.


uclid parser_test/193.ucl
Type error at line 41: Unknown identifier: i1.
    assume ((i1 > 0) && (i1 < 11));
                         ^
Type error at line 43: Unknown identifier: i1.
    assume (i1 != i2);
            ^
Type error at line 29: Unknown identifier: i1.
    tmp = numbersP[i1];
                   ^
Type error at line 42: Unknown identifier: i2.
    assume ((i2 > 0) && (i2 < 11));
             ^
Type error at line 30: Unknown identifier: i1.
    numbersP[i1] = numbersP[i2];
             ^
Type error at line 43: Unknown identifier: i2.
    assume (i1 != i2);
                  ^
Type error at line 41: Unknown identifier: i1.
    assume ((i1 > 0) && (i1 < 11));
             ^
Type error at line 30: Unknown identifier: i2.
    numbersP[i1] = numbersP[i2];
                            ^
Type error at line 42: Unknown identifier: i2.
    assume ((i2 > 0) && (i2 < 11));
                         ^
Type error at line 31: Unknown identifier: i2.
    numbersP[i2] = tmp;
             ^
Parsing failed. 10 errors found.


uclid parser_test/194.ucl
Syntax error on line 6: unpaired '{'.
module main


uclid parser_test/195.ucl
Syntax error on line 14: Syntax Error in Expression.
	{ node.user 


uclid parser_test/196.ucl
Syntax error on line 12: .
  oracle function [isprime] isPrime(x: integer);


uclid parser_test/197.ucl
Syntax error on line 20: Syntax Error in Expression.
	} unroll if else{


uclid parser_test/198.ucl
Command unroll is deprecated. Please use bmc, or bmc_noLTL in future for non-LTL properties
Command unroll is deprecated. Please use bmc, or bmc_noLTL in future for non-LTL properties
Successfully instantiated 1 module(s).
6 assertions passed.
0 assertions failed.
0 assertions indeterminate.
  PASSED -> v [Step #0] property a_le_b @ parser_test/198.ucl, line 20
  PASSED -> v [Step #1] property a_le_b @ parser_test/198.ucl, line 20
  PASSED -> v [Step #2] property a_le_b @ parser_test/198.ucl, line 20
  PASSED -> v [Step #3] property a_le_b @ parser_test/198.ucl, line 20
  PASSED -> v [Step #4] property a_le_b @ parser_test/198.ucl, line 20
  PASSED -> v [Step #5] property a_le_b @ parser_test/198.ucl, line 20
Finished execution for module: main.


uclid parser_test/199.ucl
Type error at line 16: Unknown identifier: cache.
        cache1 = cache[value := 2022];
                 ^
Parsing failed. 1 errors found.


uclid parser_test/19.ucl
Syntax error on line 23: unpaird '{' .
  {


uclid parser_test/1.ucl
Error at parser_test/1.ucl, line 15: Sequential assignment not allowed outside procedures.
    a, b = b, a + b;
    ^
Parsing failed. 1 errors found.


uclid parser_test/200.ucl
Syntax error on line 6: unpaired '{'.
module main


uclid parser_test/201.ucl
Syntax error on line 29: Syntax Error in invariant Expression.
  invariant num_sum: 


uclid parser_test/202.ucl
Syntax error on line 6: unpaired '{'.
module cpu {


uclid parser_test/203.ucl
Syntax error on parser_test/203.ucl, line 9: end of input expected.
}


uclid parser_test/204.ucl
Syntax error on line 6: unpaired '{'.
module queue {


uclid parser_test/205.ucl
Syntax error on line 6: unpaired '{'.
module decode_stage {


uclid parser_test/206.ucl
Syntax error on parser_test/206.ucl, line 9: end of input expected.
    var x, y : integer;


uclid parser_test/207.ucl
Syntax error on line 8: unpaired '{'.
module main {


uclid parser_test/208.ucl
Syntax error on line 8: Syntax Error after keyword module.
	module } main


uclid parser_test/209.ucl
Syntax error on line 6: unpaired '{'.
module main {


uclid parser_test/20.ucl
Syntax error on line 7: unpaired '{'.
module main {


uclid parser_test/210.ucl
Syntax error on line 6: unpaired '{'.
module main {


uclid parser_test/211.ucl
Syntax error on line 8: unpaired '{'.
module main {


uclid parser_test/212.ucl
Syntax error on line 7: cannot find key word module.
	modulemain v = 


uclid parser_test/213.ucl
Syntax error on parser_test/213.ucl, line 15: end of input expected.
    init {


uclid parser_test/214.ucl
Syntax error on line 8: cannot find key word module.
	modulemain { 


uclid parser_test/215.ucl
Syntax error on line 15: Syntax Error in Expression.
	b= } 1bv16;


uclid parser_test/216.ucl
Syntax error on line 7: unpaired '{'.
module main {


uclid parser_test/217.ucl
Syntax error on line 7: cannot find key word module.
	modulemain } {


uclid parser_test/218.ucl
Syntax error on line 14: unpaird '{' .
  init {


uclid parser_test/219.ucl
Syntax error on line 13: unpaired '{'.
module main


uclid parser_test/21.ucl
Syntax error on parser_test/21.ucl, line 10: end of input expected.
    var y: integer;


uclid parser_test/220.ucl
Type error at line 32: Unknown variable in LHS: result.
        result = r0 + r1;
        ^
Type error at line 32: Unknown identifier: r1.
        result = r0 + r1;
                      ^
Type error at line 36: Unknown identifier: r1.
        result = r0 - r1;
                      ^
Type error at line 36: Unknown variable in LHS: result.
        result = r0 - r1;
        ^
Type error at line 26: Unknown variable in LHS: r0.
    r0 = regs[r0ind];
    ^
Type error at line 36: Unknown identifier: r0.
        result = r0 - r1;
                 ^
Type error at line 27: Unknown variable in LHS: r1.
    r1 = regs[r1ind];
    ^
Type error at line 39: Unknown identifier: result.
    regs[r0ind] = result;
                  ^
Type error at line 32: Unknown identifier: r0.
        result = r0 + r1;
                 ^
Parsing failed. 9 errors found.


uclid parser_test/221.ucl
Syntax error on line 85: Syntax Error in Expression.
	r1={{0,0,true}, sta._2; 0};


uclid parser_test/222.ucl
Syntax error on line 9: unpaired '{'.
module main


uclid parser_test/223.ucl
Syntax error on parser_test/223.ucl, line 7: end of input expected.
  var p : boolean;


uclid parser_test/224.ucl
Syntax error on line 16: Syntax Error in Expression.
    x = 0.0float;


uclid parser_test/225.ucl
Command unroll is deprecated. Please use bmc, or bmc_noLTL in future for non-LTL properties
Command unroll is deprecated. Please use bmc, or bmc_noLTL in future for non-LTL properties
Error at parser_test/225.ucl, line 19: Multiple updates to identifier(s): a.
    a' = a + 1;
    ^
Parsing failed. 1 errors found.


uclid parser_test/226.ucl
Command unroll is deprecated. Please use bmc, or bmc_noLTL in future for non-LTL properties
Command unroll is deprecated. Please use bmc, or bmc_noLTL in future for non-LTL properties
Successfully instantiated 1 module(s).
2 assertions passed.
0 assertions failed.
0 assertions indeterminate.
  PASSED -> v [Step #0] property test @ parser_test/226.ucl, line 28
  PASSED -> v [Step #1] property test @ parser_test/226.ucl, line 28
Finished execution for module: main.


uclid parser_test/227.ucl
Syntax error on line 11: cannot find key word module.
	} fun1() 


uclid parser_test/228.ucl
Syntax error on line 8: cannot find key word module.
	modulemain{ cache[value 


uclid parser_test/229.ucl
Syntax error on line 8: unpaired '{'.
module test {


uclid parser_test/22.ucl
Syntax error on line 27: unpaird '{' .
  next {


uclid parser_test/230.ucl
Syntax error on line 9: unpaired '{'.
module main


uclid parser_test/231.ucl
Syntax error on parser_test/231.ucl, line 17: end of input expected.
    next {


uclid parser_test/232.ucl
Syntax error on line 29: Syntax Error after keyword ensure.
	ensures((lengthOne.1==lengthOne.2&&lengthTwo.1==lengthTwo.2&&arrayOne.1==arrayOne.2&&arrayTwo.1==arrayTwo.2)==> < (res.1==res.2));//determinism


uclid parser_test/233.ucl
Syntax error on line 6: unpaired '{'.
module main


uclid parser_test/234.ucl
Command unroll is deprecated. Please use bmc, or bmc_noLTL in future for non-LTL properties
Command unroll is deprecated. Please use bmc, or bmc_noLTL in future for non-LTL properties
Successfully instantiated 1 module(s).
1 assertions passed.
9 assertions failed.
0 assertions indeterminate.
  PASSED -> v [Step #1] assertion @ parser_test/234.ucl, line 35
  FAILED -> v [Step #1] assertion @ parser_test/234.ucl, line 38
  FAILED -> v [Step #2] assertion @ parser_test/234.ucl, line 35
  FAILED -> v [Step #2] assertion @ parser_test/234.ucl, line 38
  FAILED -> v [Step #3] assertion @ parser_test/234.ucl, line 35
  FAILED -> v [Step #3] assertion @ parser_test/234.ucl, line 38
  FAILED -> v [Step #4] assertion @ parser_test/234.ucl, line 35
  FAILED -> v [Step #4] assertion @ parser_test/234.ucl, line 38
  FAILED -> v [Step #5] assertion @ parser_test/234.ucl, line 35
  FAILED -> v [Step #5] assertion @ parser_test/234.ucl, line 38
CEX for v [Step #1] assertion @ parser_test/234.ucl, line 38
=================================
Step #0
  numbers : (_tuple_0 false 2)(_tuple_0 false 3)(_tuple_0 false 4)(_tuple_0 false 5)(_tuple_0 false 6)(_tuple_0 false 7)(_tuple_0 true 0)(_tuple_0 true 1)(_tuple_0 true 2)(_tuple_0 true 3)(_tuple_0 true 4)(_tuple_0 true 5)(_tuple_0 true 6)(_tuple_0 true 7)(_tuple_0 true 8)(_tuple_0 true 9)-
=================================
=================================
Step #1
  numbers : (_tuple_0 false 2)(_tuple_0 false 3)(_tuple_0 false 4)(_tuple_0 false 5)(_tuple_0 false 6)(_tuple_0 false 7)(_tuple_0 true 0)(_tuple_0 true 1)(_tuple_0 true 2)(_tuple_0 true 3)(_tuple_0 true 4)(_tuple_0 true 5)(_tuple_0 true 6)(_tuple_0 true 7)(_tuple_0 true 8)(_tuple_0 true 9)-
=================================
CEX for v [Step #2] assertion @ parser_test/234.ucl, line 35
=================================
Step #0
  numbers : (_tuple_0 true 0)(_tuple_0 true 1)(_tuple_0 true 2)(_tuple_0 true 3)(_tuple_0 true 4)(_tuple_0 true 5)(_tuple_0 true 6)(_tuple_0 true 7)(_tuple_0 true 8)(_tuple_0 true 9)-
=================================
=================================
Step #1
  numbers : (_tuple_0 false 0)(_tuple_0 true 0)(_tuple_0 true 1)(_tuple_0 true 2)(_tuple_0 true 3)(_tuple_0 true 4)(_tuple_0 true 5)(_tuple_0 true 6)(_tuple_0 true 7)(_tuple_0 true 8)(_tuple_0 true 9)-
=================================
=================================
Step #2
  numbers : (_tuple_0 false 0)(_tuple_0 true 0)(_tuple_0 true 1)(_tuple_0 true 2)(_tuple_0 true 3)(_tuple_0 true 4)(_tuple_0 true 5)(_tuple_0 true 6)(_tuple_0 true 7)(_tuple_0 true 8)(_tuple_0 true 9)-
=================================
CEX for v [Step #2] assertion @ parser_test/234.ucl, line 38
=================================
Step #0
  numbers : (_tuple_0 false 2)(_tuple_0 false 3)(_tuple_0 false 4)(_tuple_0 false 5)(_tuple_0 false 6)(_tuple_0 false 7)(_tuple_0 true 0)(_tuple_0 true 1)(_tuple_0 true 2)(_tuple_0 true 3)(_tuple_0 true 4)(_tuple_0 true 5)(_tuple_0 true 6)(_tuple_0 true 7)(_tuple_0 true 8)(_tuple_0 true 9)-
=================================
=================================
Step #1
  numbers : (_tuple_0 false 0)(_tuple_0 false 2)(_tuple_0 false 3)(_tuple_0 false 4)(_tuple_0 false 5)(_tuple_0 false 6)(_tuple_0 false 7)(_tuple_0 true 0)(_tuple_0 true 1)(_tuple_0 true 2)(_tuple_0 true 3)(_tuple_0 true 4)(_tuple_0 true 5)(_tuple_0 true 6)(_tuple_0 true 7)(_tuple_0 true 8)(_tuple_0 true 9)-
=================================
=================================
Step #2
  numbers : (_tuple_0 false 0)(_tuple_0 false 2)(_tuple_0 false 3)(_tuple_0 false 4)(_tuple_0 false 5)(_tuple_0 false 6)(_tuple_0 false 7)(_tuple_0 true 0)(_tuple_0 true 1)(_tuple_0 true 2)(_tuple_0 true 3)(_tuple_0 true 4)(_tuple_0 true 5)(_tuple_0 true 6)(_tuple_0 true 7)(_tuple_0 true 8)(_tuple_0 true 9)-
=================================
CEX for v [Step #3] assertion @ parser_test/234.ucl, line 35
=================================
Step #0
  numbers : (_tuple_0 true 0)(_tuple_0 true 1)(_tuple_0 true 2)(_tuple_0 true 3)(_tuple_0 true 4)(_tuple_0 true 5)(_tuple_0 true 6)(_tuple_0 true 7)(_tuple_0 true 8)(_tuple_0 true 9)-
=================================
=================================
Step #1
  numbers : (_tuple_0 false 0)(_tuple_0 true 0)(_tuple_0 true 1)(_tuple_0 true 2)(_tuple_0 true 3)(_tuple_0 true 4)(_tuple_0 true 5)(_tuple_0 true 6)(_tuple_0 true 7)(_tuple_0 true 8)(_tuple_0 true 9)-
=================================
=================================
Step #2
  numbers : (_tuple_0 false 0)(_tuple_0 false 1)(_tuple_0 true 0)(_tuple_0 true 1)(_tuple_0 true 2)(_tuple_0 true 3)(_tuple_0 true 4)(_tuple_0 true 5)(_tuple_0 true 6)(_tuple_0 true 7)(_tuple_0 true 8)(_tuple_0 true 9)-
=================================
=================================
Step #3
  numbers : (_tuple_0 false 0)(_tuple_0 false 1)(_tuple_0 true 0)(_tuple_0 true 1)(_tuple_0 true 2)(_tuple_0 true 3)(_tuple_0 true 4)(_tuple_0 true 5)(_tuple_0 true 6)(_tuple_0 true 7)(_tuple_0 true 8)(_tuple_0 true 9)-
=================================
CEX for v [Step #3] assertion @ parser_test/234.ucl, line 38
=================================
Step #0
  numbers : (_tuple_0 false 3)(_tuple_0 false 4)(_tuple_0 false 5)(_tuple_0 false 6)(_tuple_0 false 7)(_tuple_0 true 0)(_tuple_0 true 1)(_tuple_0 true 2)(_tuple_0 true 3)(_tuple_0 true 4)(_tuple_0 true 5)(_tuple_0 true 6)(_tuple_0 true 7)(_tuple_0 true 8)(_tuple_0 true 9)-
=================================
=================================
Step #1
  numbers : (_tuple_0 false 0)(_tuple_0 false 3)(_tuple_0 false 4)(_tuple_0 false 5)(_tuple_0 false 6)(_tuple_0 false 7)(_tuple_0 true 0)(_tuple_0 true 1)(_tuple_0 true 2)(_tuple_0 true 3)(_tuple_0 true 4)(_tuple_0 true 5)(_tuple_0 true 6)(_tuple_0 true 7)(_tuple_0 true 8)(_tuple_0 true 9)-
=================================
=================================
Step #2
  numbers : (_tuple_0 false 0)(_tuple_0 false 1)(_tuple_0 false 3)(_tuple_0 false 4)(_tuple_0 false 5)(_tuple_0 false 6)(_tuple_0 false 7)(_tuple_0 true 0)(_tuple_0 true 1)(_tuple_0 true 2)(_tuple_0 true 3)(_tuple_0 true 4)(_tuple_0 true 5)(_tuple_0 true 6)(_tuple_0 true 7)(_tuple_0 true 8)(_tuple_0 true 9)-
=================================
=================================
Step #3
  numbers : (_tuple_0 false 0)(_tuple_0 false 1)(_tuple_0 false 3)(_tuple_0 false 4)(_tuple_0 false 5)(_tuple_0 false 6)(_tuple_0 false 7)(_tuple_0 true 0)(_tuple_0 true 1)(_tuple_0 true 2)(_tuple_0 true 3)(_tuple_0 true 4)(_tuple_0 true 5)(_tuple_0 true 6)(_tuple_0 true 7)(_tuple_0 true 8)(_tuple_0 true 9)-
=================================
CEX for v [Step #4] assertion @ parser_test/234.ucl, line 35
=================================
Step #0
  numbers : (_tuple_0 true 0)(_tuple_0 true 1)(_tuple_0 true 2)(_tuple_0 true 3)(_tuple_0 true 4)(_tuple_0 true 5)(_tuple_0 true 6)(_tuple_0 true 7)(_tuple_0 true 8)(_tuple_0 true 9)-
=================================
=================================
Step #1
  numbers : (_tuple_0 false 0)(_tuple_0 true 0)(_tuple_0 true 1)(_tuple_0 true 2)(_tuple_0 true 3)(_tuple_0 true 4)(_tuple_0 true 5)(_tuple_0 true 6)(_tuple_0 true 7)(_tuple_0 true 8)(_tuple_0 true 9)-
=================================
=================================
Step #2
  numbers : (_tuple_0 false 0)(_tuple_0 false 1)(_tuple_0 true 0)(_tuple_0 true 1)(_tuple_0 true 2)(_tuple_0 true 3)(_tuple_0 true 4)(_tuple_0 true 5)(_tuple_0 true 6)(_tuple_0 true 7)(_tuple_0 true 8)(_tuple_0 true 9)-
=================================
=================================
Step #3
  numbers : (_tuple_0 false 0)(_tuple_0 false 1)(_tuple_0 false 2)(_tuple_0 true 0)(_tuple_0 true 1)(_tuple_0 true 2)(_tuple_0 true 3)(_tuple_0 true 4)(_tuple_0 true 5)(_tuple_0 true 6)(_tuple_0 true 7)(_tuple_0 true 8)(_tuple_0 true 9)-
=================================
=================================
Step #4
  numbers : (_tuple_0 false 0)(_tuple_0 false 1)(_tuple_0 false 2)(_tuple_0 true 0)(_tuple_0 true 1)(_tuple_0 true 2)(_tuple_0 true 3)(_tuple_0 true 4)(_tuple_0 true 5)(_tuple_0 true 6)(_tuple_0 true 7)(_tuple_0 true 8)(_tuple_0 true 9)-
=================================
CEX for v [Step #4] assertion @ parser_test/234.ucl, line 38
=================================
Step #0
  numbers : (_tuple_0 false 4)(_tuple_0 false 5)(_tuple_0 false 6)(_tuple_0 false 7)(_tuple_0 true 0)(_tuple_0 true 1)(_tuple_0 true 2)(_tuple_0 true 3)(_tuple_0 true 4)(_tuple_0 true 5)(_tuple_0 true 6)(_tuple_0 true 7)(_tuple_0 true 8)(_tuple_0 true 9)-
=================================
=================================
Step #1
  numbers : (_tuple_0 false 0)(_tuple_0 false 4)(_tuple_0 false 5)(_tuple_0 false 6)(_tuple_0 false 7)(_tuple_0 true 0)(_tuple_0 true 1)(_tuple_0 true 2)(_tuple_0 true 3)(_tuple_0 true 4)(_tuple_0 true 5)(_tuple_0 true 6)(_tuple_0 true 7)(_tuple_0 true 8)(_tuple_0 true 9)-
=================================
=================================
Step #2
  numbers : (_tuple_0 false 0)(_tuple_0 false 1)(_tuple_0 false 4)(_tuple_0 false 5)(_tuple_0 false 6)(_tuple_0 false 7)(_tuple_0 true 0)(_tuple_0 true 1)(_tuple_0 true 2)(_tuple_0 true 3)(_tuple_0 true 4)(_tuple_0 true 5)(_tuple_0 true 6)(_tuple_0 true 7)(_tuple_0 true 8)(_tuple_0 true 9)-
=================================
=================================
Step #3
  numbers : (_tuple_0 false 0)(_tuple_0 false 1)(_tuple_0 false 2)(_tuple_0 false 4)(_tuple_0 false 5)(_tuple_0 false 6)(_tuple_0 false 7)(_tuple_0 true 0)(_tuple_0 true 1)(_tuple_0 true 2)(_tuple_0 true 3)(_tuple_0 true 4)(_tuple_0 true 5)(_tuple_0 true 6)(_tuple_0 true 7)(_tuple_0 true 8)(_tuple_0 true 9)-
=================================
=================================
Step #4
  numbers : (_tuple_0 false 0)(_tuple_0 false 1)(_tuple_0 false 2)(_tuple_0 false 4)(_tuple_0 false 5)(_tuple_0 false 6)(_tuple_0 false 7)(_tuple_0 true 0)(_tuple_0 true 1)(_tuple_0 true 2)(_tuple_0 true 3)(_tuple_0 true 4)(_tuple_0 true 5)(_tuple_0 true 6)(_tuple_0 true 7)(_tuple_0 true 8)(_tuple_0 true 9)-
=================================
CEX for v [Step #5] assertion @ parser_test/234.ucl, line 35
=================================
Step #0
  numbers : (_tuple_0 true 0)(_tuple_0 true 1)(_tuple_0 true 2)(_tuple_0 true 3)(_tuple_0 true 4)(_tuple_0 true 5)(_tuple_0 true 6)(_tuple_0 true 7)(_tuple_0 true 8)(_tuple_0 true 9)-
=================================
=================================
Step #1
  numbers : (_tuple_0 false 0)(_tuple_0 true 0)(_tuple_0 true 1)(_tuple_0 true 2)(_tuple_0 true 3)(_tuple_0 true 4)(_tuple_0 true 5)(_tuple_0 true 6)(_tuple_0 true 7)(_tuple_0 true 8)(_tuple_0 true 9)-
=================================
=================================
Step #2
  numbers : (_tuple_0 false 0)(_tuple_0 false 1)(_tuple_0 true 0)(_tuple_0 true 1)(_tuple_0 true 2)(_tuple_0 true 3)(_tuple_0 true 4)(_tuple_0 true 5)(_tuple_0 true 6)(_tuple_0 true 7)(_tuple_0 true 8)(_tuple_0 true 9)-
=================================
=================================
Step #3
  numbers : (_tuple_0 false 0)(_tuple_0 false 1)(_tuple_0 false 2)(_tuple_0 true 0)(_tuple_0 true 1)(_tuple_0 true 2)(_tuple_0 true 3)(_tuple_0 true 4)(_tuple_0 true 5)(_tuple_0 true 6)(_tuple_0 true 7)(_tuple_0 true 8)(_tuple_0 true 9)-
=================================
=================================
Step #4
  numbers : (_tuple_0 false 0)(_tuple_0 false 1)(_tuple_0 false 2)(_tuple_0 false 3)(_tuple_0 true 0)(_tuple_0 true 1)(_tuple_0 true 2)(_tuple_0 true 3)(_tuple_0 true 4)(_tuple_0 true 5)(_tuple_0 true 6)(_tuple_0 true 7)(_tuple_0 true 8)(_tuple_0 true 9)-
=================================
=================================
Step #5
  numbers : (_tuple_0 false 0)(_tuple_0 false 1)(_tuple_0 false 2)(_tuple_0 false 3)(_tuple_0 true 0)(_tuple_0 true 1)(_tuple_0 true 2)(_tuple_0 true 3)(_tuple_0 true 4)(_tuple_0 true 5)(_tuple_0 true 6)(_tuple_0 true 7)(_tuple_0 true 8)(_tuple_0 true 9)-
=================================
CEX for v [Step #5] assertion @ parser_test/234.ucl, line 38
=================================
Step #0
  numbers : (_tuple_0 false 5)(_tuple_0 false 6)(_tuple_0 false 7)(_tuple_0 true 0)(_tuple_0 true 1)(_tuple_0 true 2)(_tuple_0 true 3)(_tuple_0 true 4)(_tuple_0 true 5)(_tuple_0 true 6)(_tuple_0 true 7)(_tuple_0 true 8)(_tuple_0 true 9)-
=================================
=================================
Step #1
  numbers : (_tuple_0 false 0)(_tuple_0 false 5)(_tuple_0 false 6)(_tuple_0 false 7)(_tuple_0 true 0)(_tuple_0 true 1)(_tuple_0 true 2)(_tuple_0 true 3)(_tuple_0 true 4)(_tuple_0 true 5)(_tuple_0 true 6)(_tuple_0 true 7)(_tuple_0 true 8)(_tuple_0 true 9)-
=================================
=================================
Step #2
  numbers : (_tuple_0 false 0)(_tuple_0 false 1)(_tuple_0 false 5)(_tuple_0 false 6)(_tuple_0 false 7)(_tuple_0 true 0)(_tuple_0 true 1)(_tuple_0 true 2)(_tuple_0 true 3)(_tuple_0 true 4)(_tuple_0 true 5)(_tuple_0 true 6)(_tuple_0 true 7)(_tuple_0 true 8)(_tuple_0 true 9)-
=================================
=================================
Step #3
  numbers : (_tuple_0 false 0)(_tuple_0 false 1)(_tuple_0 false 2)(_tuple_0 false 5)(_tuple_0 false 6)(_tuple_0 false 7)(_tuple_0 true 0)(_tuple_0 true 1)(_tuple_0 true 2)(_tuple_0 true 3)(_tuple_0 true 4)(_tuple_0 true 5)(_tuple_0 true 6)(_tuple_0 true 7)(_tuple_0 true 8)(_tuple_0 true 9)-
=================================
=================================
Step #4
  numbers : (_tuple_0 false 0)(_tuple_0 false 1)(_tuple_0 false 2)(_tuple_0 false 3)(_tuple_0 false 5)(_tuple_0 false 6)(_tuple_0 false 7)(_tuple_0 true 0)(_tuple_0 true 1)(_tuple_0 true 2)(_tuple_0 true 3)(_tuple_0 true 4)(_tuple_0 true 5)(_tuple_0 true 6)(_tuple_0 true 7)(_tuple_0 true 8)(_tuple_0 true 9)-
=================================
=================================
Step #5
  numbers : (_tuple_0 false 0)(_tuple_0 false 1)(_tuple_0 false 2)(_tuple_0 false 3)(_tuple_0 false 5)(_tuple_0 false 6)(_tuple_0 false 7)(_tuple_0 true 0)(_tuple_0 true 1)(_tuple_0 true 2)(_tuple_0 true 3)(_tuple_0 true 4)(_tuple_0 true 5)(_tuple_0 true 6)(_tuple_0 true 7)(_tuple_0 true 8)(_tuple_0 true 9)-
=================================
Finished execution for module: main.


uclid parser_test/235.ucl
Syntax error on parser_test/235.ucl, line 11: end of input expected.
  var x, y : integer;


uclid parser_test/236.ucl
Syntax error on line 8: unpaired '{'.
module main {


uclid parser_test/237.ucl
Syntax error on line 20: Syntax Error after keyword next.
	} next 


uclid parser_test/238.ucl
Syntax error on line 7: unpaired '{'.
module main


uclid parser_test/239.ucl
Syntax error on line 8: loss of '{'.
module main


uclid parser_test/23.ucl
Syntax error on line 7: unpaired '{'.
module main


uclid parser_test/240.ucl
Syntax error on line 25: Syntax Error after keyword next.
	next index {


uclid parser_test/241.ucl
Syntax error on line 7: unpaired '{'.
module main {


uclid parser_test/242.ucl
Syntax error on line 8: cannot find key word module.
	*/ check; 


uclid parser_test/243.ucl
Syntax error on line 13: Syntax Error in Expression.
	y y print_results; x y =1;


uclid parser_test/244.ucl
Type error at line 14: Unknown identifier: isPrime.
  axiom isPrime(factor1) && isPrime(factor2) && isPrime(factor3);
        ^
Type error at line 14: Unknown identifier: isPrime.
  axiom isPrime(factor1) && isPrime(factor2) && isPrime(factor3);
                            ^
Type error at line 14: Unknown identifier: isPrime.
  axiom isPrime(factor1) && isPrime(factor2) && isPrime(factor3);
                                                ^
Type error at line 14: Unknown identifier: factor3.
  axiom isPrime(factor1) && isPrime(factor2) && isPrime(factor3);
                                                        ^
Parsing failed. 4 errors found.


uclid parser_test/245.ucl
Syntax error on line 8: unpaired '{'.
module main{


uclid parser_test/246.ucl
Syntax error on line 15: unpaird '{' .
  {


uclid parser_test/247.ucl
Syntax error on line 9: unpaired '{'.
module main {


uclid parser_test/248.ucl
Syntax error on line 6: unpaired '{'.
module main {


uclid parser_test/249.ucl
Successfully instantiated 1 module(s).
10 assertions passed.
2 assertions failed.
0 assertions indeterminate.
  PASSED -> v [Step #0] property stable:liveness @ parser_test/249.ucl, line 20
  PASSED -> v [Step #0] property stable:safety @ parser_test/249.ucl, line 20
  PASSED -> v [Step #1] property stable:liveness @ parser_test/249.ucl, line 20
  PASSED -> v [Step #1] property stable:safety @ parser_test/249.ucl, line 20
  PASSED -> v [Step #2] property stable:liveness @ parser_test/249.ucl, line 20
  PASSED -> v [Step #2] property stable:safety @ parser_test/249.ucl, line 20
  PASSED -> v [Step #3] property stable:liveness @ parser_test/249.ucl, line 20
  PASSED -> v [Step #3] property stable:safety @ parser_test/249.ucl, line 20
  PASSED -> v [Step #4] property stable:safety @ parser_test/249.ucl, line 20
  PASSED -> v [Step #5] property stable:safety @ parser_test/249.ucl, line 20
  FAILED -> v [Step #4] property stable:liveness @ parser_test/249.ucl, line 20
  FAILED -> v [Step #5] property stable:liveness @ parser_test/249.ucl, line 20
Finished execution for module: main.


uclid parser_test/24.ucl
Syntax error on line 13: Syntax Error after keyword assume.
	init{ assume 


uclid parser_test/250.ucl
Syntax error on line 14: Syntax Error in Expression.
	tail (push_cmd) =0;


uclid parser_test/251.ucl
Syntax error on line 6: cannot find key word module.
	modulemain{ init 


uclid parser_test/252.ucl
Syntax error on line 27: unpaired '{'.
module main 


uclid parser_test/253.ucl
Syntax error on line 7: unpaired '{'.
module sub {


uclid parser_test/254.ucl
Syntax error on line 7: loss of '{'.
module main


uclid parser_test/255.ucl
Error at parser_test/255.ucl, line 124: Instance id: Some(com) in procedure call: pushQ does not exist in the context. Double check the name.
                call (output_queue') = com.pushQ(output_queue, PING);
                ^
Error at parser_test/255.ucl, line 115: Instance id: Some(com) in procedure call: popQ does not exist in the context. Double check the name.
                    call (updated_input_queue', first) = com.popQ(input_queue);
                    ^
Error at parser_test/255.ucl, line 128: Instance id: Some(com) in procedure call: popQ does not exist in the context. Double check the name.
                    call (updated_input_queue', first) = com.popQ(input_queue);
                    ^
Error at parser_test/255.ucl, line 138: Instance id: Some(com) in procedure call: popQ does not exist in the context. Double check the name.
                    call (updated_input_queue', first) = com.popQ(input_queue);
                    ^
Error at parser_test/255.ucl, line 104: Instance id: Some(com) in procedure call: zero does not exist in the context. Double check the name.
        call (updated_input_queue) = com.zero();
        ^
Error at parser_test/255.ucl, line 105: Instance id: Some(com) in procedure call: zero does not exist in the context. Double check the name.
        call (output_queue)        = com.zero();
        ^
Parsing failed. 6 errors found.


uclid parser_test/256.ucl
Syntax error on line 15: unpaired '{'.
module main {


uclid parser_test/257.ucl
Syntax error on line 45: unpaird '{' .
  {


uclid parser_test/258.ucl
Syntax error on line 14: unpaird '{' .
	init {


uclid parser_test/259.ucl
Successfully instantiated 1 module(s).
Finished execution for module: main.


uclid parser_test/25.ucl
Syntax error on line 6: unpaired '{'.
module main


uclid parser_test/260.ucl
Syntax error on line 7: unpaired '{'.
module main {


uclid parser_test/261.ucl
Syntax error on line 10: Syntax Error in Expression.
	z,w=y,x+ } y;


uclid parser_test/262.ucl
Parser error : Trying to import from a module that does not exist: main.



uclid parser_test/263.ucl
Syntax error on line 17: Syntax Error in Expression.
	pn.b { =p.a+p.b;


uclid parser_test/264.ucl
Syntax error on line 8: Syntax Error after keyword module.
	module : main{


uclid parser_test/265.ucl
Syntax error on line 10: Syntax Error after keyword assert.
	assert(y== var y print_results; 3);


uclid parser_test/266.ucl
Syntax error on parser_test/266.ucl, line 11: end of input expected.
}


uclid parser_test/267.ucl
Command unroll is deprecated. Please use bmc, or bmc_noLTL in future for non-LTL properties
Command unroll is deprecated. Please use bmc, or bmc_noLTL in future for non-LTL properties
Successfully instantiated 2 module(s).
2 assertions passed.
1 assertions failed.
0 assertions indeterminate.
  PASSED -> vobj [Step #0] property a @ parser_test/267.ucl, line 75
  PASSED -> vobj [Step #2] property a @ parser_test/267.ucl, line 75
  FAILED -> vobj [Step #1] property a @ parser_test/267.ucl, line 75
CEX for vobj [Step #1] property a @ parser_test/267.ucl, line 75
=================================
Step #0
  sub1.x : 1
  sub1.y : 0
  sub1.step : 0
=================================
=================================
Step #1
  sub1.x : 2
  sub1.y : 2
  sub1.step : 0
=================================
Finished execution for module: main.


uclid parser_test/268.ucl
Syntax error on line 16: Syntax Error in Procedure block.
    procedure f1(id : integer, x : integer) returns (y : integer) 


uclid parser_test/269.ucl
Syntax error on line 8: unpaired '{'.
module main {


uclid parser_test/26.ucl
Syntax error on line 11: cannot find key word module.
	} no_op(); 


uclid parser_test/270.ucl
Syntax error on line 8: unpaired '{'.
module main {


uclid parser_test/271.ucl
Syntax error on line 36: unpaird '{' .
  next {


uclid parser_test/272.ucl
Syntax error on line 7: unpaired '{'.
module main


uclid parser_test/273.ucl
Syntax error on line 8: unpaired '{'.
module main {


uclid parser_test/274.ucl
Syntax error on line 7: unpaired '{'.
module main


uclid parser_test/275.ucl
Syntax error on line 8: unpaired '{'.
module main


uclid parser_test/276.ucl
Syntax error on line 18: cannot find key word module.
    b = 1;


uclid parser_test/277.ucl
Syntax error on line 7: loss of '{'.
module main


uclid parser_test/278.ucl
Syntax error on line 11: unpaird '{' .
  procedure foo(a : integer, b : integer) returns (z : integer) {


uclid parser_test/279.ucl
Syntax error on parser_test/279.ucl, line 8: end of input expected.
    var x: integer;


uclid parser_test/27.ucl
Syntax error on parser_test/27.ucl, line 9: end of input expected.
{


uclid parser_test/280.ucl
Syntax error on line 27: Syntax Error after keyword call.
	call(np')= print_results; compute_next_n();


uclid parser_test/281.ucl
Syntax error on line 7: unpaired '{'.
module main


uclid parser_test/282.ucl
Syntax error on line 43: unpaird '{' .
  init {


uclid parser_test/283.ucl
Type error at line 20: Unknown identifier: x.
    xP, yP = x, y;
             ^
Type error at line 32: Unknown variable in LHS: x.
    call (x', y') = set_xy();
          ^
Type error at line 36: Unknown identifier: x.
  property eq_nxy : (n == (x + y));
                           ^
Parsing failed. 3 errors found.


uclid parser_test/284.ucl
Syntax error on line 8: unpaired '{'.
module main


uclid parser_test/285.ucl
Syntax error on line 19: Syntax Error in Expression.
	arr'=arr[n-> } arr[n]+1];


uclid parser_test/286.ucl
Command unroll is deprecated. Please use bmc, or bmc_noLTL in future for non-LTL properties
Command unroll is deprecated. Please use bmc, or bmc_noLTL in future for non-LTL properties
Successfully instantiated 3 module(s).
2 assertions passed.
0 assertions failed.
0 assertions indeterminate.
  PASSED -> vobj [Step #0] property initial @ parser_test/286.ucl, line 55
  PASSED -> vobj [Step #1] property initial @ parser_test/286.ucl, line 55
Finished execution for module: main.


uclid parser_test/287.ucl
Syntax error on line 12: Syntax Error in Expression.
	b= { true;


uclid parser_test/288.ucl
Syntax error on line 6: unpaired '{'.
module main


uclid parser_test/289.ucl
Syntax error on line 26: Syntax Error in Expression.
	callfoo(); } 


uclid parser_test/28.ucl
Syntax error on line 8: loss of '{'.
module main


uclid parser_test/290.ucl
Syntax error on line 8: unpaired '{'.
module main {


uclid parser_test/291.ucl
Successfully instantiated 1 module(s).
0 assertions passed.
0 assertions failed.
0 assertions indeterminate.
1 assertions passed.
1 assertions failed.
0 assertions indeterminate.
  PASSED -> v: verify_shouldpass [Step #1] assertion @ parser_test/291.ucl, line 14
  FAILED -> verify_shouldfail [Step #1] assertion @ parser_test/291.ucl, line 21
Finished execution for module: main.


uclid parser_test/292.ucl
Syntax error on line 46: unpaird '{' .
    next {


uclid parser_test/293.ucl
Syntax error on line 12: .
  grammar sign_grammar (x : bv64) : bv64 = {


uclid parser_test/294.ucl
Syntax error on line 7: unpaired '{'.
module main_func {


uclid parser_test/295.ucl
Syntax error on line 24: Syntax Error in invariant Expression.
	invariant[LTL]equiv_copies:G(copy_a } ==copy_b);


uclid parser_test/296.ucl
Syntax error on line 8: Syntax Error after keyword var.
	var procedure x:integer;


uclid parser_test/297.ucl
Type error at line 39: Unknown variable in LHS: ACC.
        ACC	= 0bv8;
        ^
Parsing failed. 1 errors found.


uclid parser_test/298.ucl
Syntax error on line 8: cannot find key word module.
	modulemain x, 


uclid parser_test/299.ucl
Syntax error on line 30: unpaird '{' .
  {


uclid parser_test/29.ucl
Syntax error on line 7: unpaired '{'.
module main


uclid parser_test/2.ucl
Syntax error on line 11: unpaird '{' .
    macro foo {


uclid parser_test/300.ucl
Syntax error on line 22: unpaird '{' .
    for i in range(0, 9) {


uclid parser_test/301.ucl
Syntax error on line 8: Loss of ';'.
	type common word_t=bv8;


uclid parser_test/302.ucl
Syntax error on line 7: unpaired '{'.
module main


uclid parser_test/303.ucl
Syntax error on line 10: Syntax Error in Expression.
	n print_results; =0;


uclid parser_test/304.ucl
Command unroll is deprecated. Please use bmc, or bmc_noLTL in future for non-LTL properties
Command unroll is deprecated. Please use bmc, or bmc_noLTL in future for non-LTL properties
Successfully instantiated 1 module(s).
CEX for v [Step #0] hyperproperty det_xy @ parser_test/304.ucl, line 24
=================================
Step #0
  x : 0, 0
  y : 2, 3
=================================
CEX for v [Step #1] hyperproperty det_xy @ parser_test/304.ucl, line 24
=================================
Step #0
  x : 0, 0
  y : 2, 3
=================================
=================================
Step #1
  x : 1, 1
  y : 2, 3
=================================
CEX for v [Step #2] hyperproperty det_xy @ parser_test/304.ucl, line 24
=================================
Step #0
  x : 0, 0
  y : 0, 1
=================================
=================================
Step #1
  x : 1, 1
  y : 0, 1
=================================
=================================
Step #2
  x : 2, 2
  y : 1, 2
=================================
CEX for v [Step #3] hyperproperty det_xy @ parser_test/304.ucl, line 24
=================================
Step #0
  x : 0, 0
  y : 0, 1
=================================
=================================
Step #1
  x : 1, 1
  y : 0, 1
=================================
=================================
Step #2
  x : 2, 2
  y : 1, 2
=================================
=================================
Step #3
  x : 3, 3
  y : 3, 4
=================================
CEX for v [Step #4] hyperproperty det_xy @ parser_test/304.ucl, line 24
=================================
Step #0
  x : 0, 0
  y : 0, 1
=================================
=================================
Step #1
  x : 1, 1
  y : 0, 1
=================================
=================================
Step #2
  x : 2, 2
  y : 1, 2
=================================
=================================
Step #3
  x : 3, 3
  y : 3, 4
=================================
=================================
Step #4
  x : 4, 4
  y : 6, 7
=================================
CEX for v [Step #5] hyperproperty det_xy @ parser_test/304.ucl, line 24
=================================
Step #0
  x : 0, 0
  y : 0, 1
=================================
=================================
Step #1
  x : 1, 1
  y : 0, 1
=================================
=================================
Step #2
  x : 2, 2
  y : 1, 2
=================================
=================================
Step #3
  x : 3, 3
  y : 3, 4
=================================
=================================
Step #4
  x : 4, 4
  y : 6, 7
=================================
=================================
Step #5
  x : 5, 5
  y : 10, 11
=================================
CEX for v [Step #6] hyperproperty det_xy @ parser_test/304.ucl, line 24
=================================
Step #0
  x : 0, 0
  y : 0, 1
=================================
=================================
Step #1
  x : 1, 1
  y : 0, 1
=================================
=================================
Step #2
  x : 2, 2
  y : 1, 2
=================================
=================================
Step #3
  x : 3, 3
  y : 3, 4
=================================
=================================
Step #4
  x : 4, 4
  y : 6, 7
=================================
=================================
Step #5
  x : 5, 5
  y : 10, 11
=================================
=================================
Step #6
  x : 6, 6
  y : 15, 16
=================================
CEX for v [Step #7] hyperproperty det_xy @ parser_test/304.ucl, line 24
=================================
Step #0
  x : 0, 0
  y : 0, 1
=================================
=================================
Step #1
  x : 1, 1
  y : 0, 1
=================================
=================================
Step #2
  x : 2, 2
  y : 1, 2
=================================
=================================
Step #3
  x : 3, 3
  y : 3, 4
=================================
=================================
Step #4
  x : 4, 4
  y : 6, 7
=================================
=================================
Step #5
  x : 5, 5
  y : 10, 11
=================================
=================================
Step #6
  x : 6, 6
  y : 15, 16
=================================
=================================
Step #7
  x : 7, 7
  y : 21, 22
=================================
CEX for v [Step #8] hyperproperty det_xy @ parser_test/304.ucl, line 24
=================================
Step #0
  x : 0, 0
  y : 0, 1
=================================
=================================
Step #1
  x : 1, 1
  y : 0, 1
=================================
=================================
Step #2
  x : 2, 2
  y : 1, 2
=================================
=================================
Step #3
  x : 3, 3
  y : 3, 4
=================================
=================================
Step #4
  x : 4, 4
  y : 6, 7
=================================
=================================
Step #5
  x : 5, 5
  y : 10, 11
=================================
=================================
Step #6
  x : 6, 6
  y : 15, 16
=================================
=================================
Step #7
  x : 7, 7
  y : 21, 22
=================================
=================================
Step #8
  x : 8, 8
  y : 28, 29
=================================
CEX for v [Step #9] hyperproperty det_xy @ parser_test/304.ucl, line 24
=================================
Step #0
  x : 0, 0
  y : 0, 1
=================================
=================================
Step #1
  x : 1, 1
  y : 0, 1
=================================
=================================
Step #2
  x : 2, 2
  y : 1, 2
=================================
=================================
Step #3
  x : 3, 3
  y : 3, 4
=================================
=================================
Step #4
  x : 4, 4
  y : 6, 7
=================================
=================================
Step #5
  x : 5, 5
  y : 10, 11
=================================
=================================
Step #6
  x : 6, 6
  y : 15, 16
=================================
=================================
Step #7
  x : 7, 7
  y : 21, 22
=================================
=================================
Step #8
  x : 8, 8
  y : 28, 29
=================================
=================================
Step #9
  x : 9, 9
  y : 32, 33
=================================
0 assertions passed.
10 assertions failed.
0 assertions indeterminate.
  FAILED -> v [Step #0] hyperproperty det_xy @ parser_test/304.ucl, line 24
  FAILED -> v [Step #1] hyperproperty det_xy @ parser_test/304.ucl, line 24
  FAILED -> v [Step #2] hyperproperty det_xy @ parser_test/304.ucl, line 24
  FAILED -> v [Step #3] hyperproperty det_xy @ parser_test/304.ucl, line 24
  FAILED -> v [Step #4] hyperproperty det_xy @ parser_test/304.ucl, line 24
  FAILED -> v [Step #5] hyperproperty det_xy @ parser_test/304.ucl, line 24
  FAILED -> v [Step #6] hyperproperty det_xy @ parser_test/304.ucl, line 24
  FAILED -> v [Step #7] hyperproperty det_xy @ parser_test/304.ucl, line 24
  FAILED -> v [Step #8] hyperproperty det_xy @ parser_test/304.ucl, line 24
  FAILED -> v [Step #9] hyperproperty det_xy @ parser_test/304.ucl, line 24
Finished execution for module: main.


uclid parser_test/305.ucl
Syntax error on line 17: unpaird '{' .
  procedure foo(p : rec1) returns (pn : rec1) {


uclid parser_test/306.ucl
Syntax error on line 8: unpaired '{'.
module main {


uclid parser_test/307.ucl
Syntax error on line 13: unpaird '{' .
  procedure add10(x : integer) returns (y : integer) {


uclid parser_test/308.ucl
Syntax error on line 8: Syntax Error after keyword input.
	input } r1:bv8;


uclid parser_test/309.ucl
Type error at line 23: Unknown identifier: cache_valid_map.
    assume cache_valid_map != old(cache_valid_map);
           ^
Type error at line 23: Unknown identifier: cache_valid_map.
    assume cache_valid_map != old(cache_valid_map);
                                  ^
Type error at line 19: Unknown identifier: cache_valid_map.
    ensures (cache_valid_map != old(cache_valid_map));
             ^
Type error at line 19: Unknown identifier: cache_valid_map.
    ensures (cache_valid_map != old(cache_valid_map));
                                    ^
Parsing failed. 4 errors found.


uclid parser_test/30.ucl
Syntax error on parser_test/30.ucl, line 28: end of input expected.
	} } { 


uclid parser_test/310.ucl
Syntax error on line 7: unpaired '{'.
module main {


uclid parser_test/311.ucl
Type error at line 24: Field 'a' does not exist in record {b : boolean}.
        two' = (one[1bv3]).b || ((three.a)[2bv3]).b ||
                                  ^
Type error at line 25: Field 'a' does not exist in record {b : boolean}.
                one[1bv3].b  ||  three.a[2bv3].b;
                                 ^
Parsing failed. 2 errors found.


uclid parser_test/312.ucl
Command unroll is deprecated. Please use bmc, or bmc_noLTL in future for non-LTL properties
Command unroll is deprecated. Please use bmc, or bmc_noLTL in future for non-LTL properties
Successfully instantiated 5 module(s).
Finished execution for module: main.


uclid parser_test/313.ucl
Syntax error on line 7: unpaired '{'.
module main


uclid parser_test/314.ucl
Syntax error on line 89: Loss of ';'.
  type ISR_func_pc_t = ISR_func::pc_t;


uclid parser_test/315.ucl
Syntax error on parser_test/315.ucl, line 23: end of input expected.
    invariant trivial1  : cache1.value == 2022;


uclid parser_test/316.ucl
Syntax error on line 25: Syntax Error in Expression.
	callset_x4_a(0); set_x4_a(n 


uclid parser_test/317.ucl
Syntax error on line 7: cannot find key word module.
	modulemain{ 


uclid parser_test/318.ucl
Syntax error on line 7: unpaired '{'.
module common {


uclid parser_test/319.ucl
Syntax error on line 14: Syntax Error in Expression.
	b { =1.0half;


uclid parser_test/31.ucl
Syntax error on line 6: unpaired '{'.
module main {


uclid parser_test/320.ucl
Syntax error on line 17: unpaired '{'.
module main {


uclid parser_test/321.ucl
Syntax error on line 8: unpaired '{'.
module main {


uclid parser_test/322.ucl
Syntax error on line 15: unpaird '{' .
  init {


uclid parser_test/323.ucl
Command unroll is deprecated. Please use bmc, or bmc_noLTL in future for non-LTL properties
Command unroll is deprecated. Please use bmc, or bmc_noLTL in future for non-LTL properties
Successfully instantiated 1 module(s).
0 assertions passed.
10 assertions failed.
0 assertions indeterminate.
  FAILED -> v [Step #1] assertion @ parser_test/323.ucl, line 21
  FAILED -> v [Step #1] assertion @ parser_test/323.ucl, line 22
  FAILED -> v [Step #2] assertion @ parser_test/323.ucl, line 21
  FAILED -> v [Step #2] assertion @ parser_test/323.ucl, line 22
  FAILED -> v [Step #3] assertion @ parser_test/323.ucl, line 21
  FAILED -> v [Step #3] assertion @ parser_test/323.ucl, line 22
  FAILED -> v [Step #4] assertion @ parser_test/323.ucl, line 21
  FAILED -> v [Step #4] assertion @ parser_test/323.ucl, line 22
  FAILED -> v [Step #5] assertion @ parser_test/323.ucl, line 21
  FAILED -> v [Step #5] assertion @ parser_test/323.ucl, line 22
=================================
CEX for v [Step #1] assertion @ parser_test/323.ucl, line 21
Generated CEX trace of length 2
=================================
CEX for v [Step #1] assertion @ parser_test/323.ucl, line 22
Generated CEX trace of length 2
=================================
CEX for v [Step #2] assertion @ parser_test/323.ucl, line 21
Generated CEX trace of length 3
=================================
CEX for v [Step #2] assertion @ parser_test/323.ucl, line 22
Generated CEX trace of length 3
=================================
CEX for v [Step #3] assertion @ parser_test/323.ucl, line 21
Generated CEX trace of length 4
=================================
CEX for v [Step #3] assertion @ parser_test/323.ucl, line 22
Generated CEX trace of length 4
=================================
CEX for v [Step #4] assertion @ parser_test/323.ucl, line 21
Generated CEX trace of length 5
=================================
CEX for v [Step #4] assertion @ parser_test/323.ucl, line 22
Generated CEX trace of length 5
=================================
CEX for v [Step #5] assertion @ parser_test/323.ucl, line 21
Generated CEX trace of length 6
=================================
CEX for v [Step #5] assertion @ parser_test/323.ucl, line 22
Generated CEX trace of length 6
=================================
Wrote CEX traces to file: cex.json
Finished execution for module: main.


uclid parser_test/324.ucl
Syntax error on line 8: unpaired '{'.
module common {


uclid parser_test/325.ucl
Syntax error on parser_test/325.ucl, line 10: end of input expected.
    type cache_t = record { valid : boolean, value : integer };


uclid parser_test/326.ucl
Successfully instantiated 1 module(s).
14 assertions passed.
0 assertions failed.
0 assertions indeterminate.
  PASSED -> v$2: verify_comparePlayers$2 [Step #1] postcondition @ parser_test/326.ucl, line 24
  PASSED -> v$2: verify_comparePlayers$2 [Step #1] postcondition @ parser_test/326.ucl, line 24
  PASSED -> v$2: verify_comparePlayers$2 [Step #1] postcondition @ parser_test/326.ucl, line 26
  PASSED -> v$2: verify_comparePlayers$2 [Step #1] postcondition @ parser_test/326.ucl, line 26
  PASSED -> v$2: verify_comparePlayers$2 [Step #1] postcondition @ parser_test/326.ucl, line 27
  PASSED -> v$3: verify_comparePlayers$3 [Step #1] postcondition @ parser_test/326.ucl, line 24
  PASSED -> v$3: verify_comparePlayers$3 [Step #1] postcondition @ parser_test/326.ucl, line 24
  PASSED -> v$3: verify_comparePlayers$3 [Step #1] postcondition @ parser_test/326.ucl, line 24
  PASSED -> v$3: verify_comparePlayers$3 [Step #1] postcondition @ parser_test/326.ucl, line 26
  PASSED -> v$3: verify_comparePlayers$3 [Step #1] postcondition @ parser_test/326.ucl, line 26
  PASSED -> v$3: verify_comparePlayers$3 [Step #1] postcondition @ parser_test/326.ucl, line 26
  PASSED -> v$3: verify_comparePlayers$3 [Step #1] postcondition @ parser_test/326.ucl, line 28
  PASSED -> v: verify_comparePlayers [Step #1] postcondition @ parser_test/326.ucl, line 24
  PASSED -> v: verify_comparePlayers [Step #1] postcondition @ parser_test/326.ucl, line 26
Finished execution for module: main.


uclid parser_test/327.ucl
Syntax error on line 8: unpaired '{'.
module main


uclid parser_test/328.ucl
Syntax error on line 16: Syntax Error in Procedure block.
  procedure [noinline] push()


uclid parser_test/329.ucl
Syntax error on line 6: loss of '{'.
module main


uclid parser_test/32.ucl
Successfully instantiated 1 module(s).
4 assertions passed.
0 assertions failed.
0 assertions indeterminate.
  PASSED -> v: induction_base [Step #0] property yy @ parser_test/32.ucl, line 26
  PASSED -> v: induction_base [Step #0] property xz @ parser_test/32.ucl, line 25
  PASSED -> v: induction_step [Step #1] property yy @ parser_test/32.ucl, line 26
  PASSED -> v: induction_step [Step #1] property xz @ parser_test/32.ucl, line 25
Finished execution for module: main.


uclid parser_test/330.ucl
Syntax error on line 15: unpaird '{' .
  next {


uclid parser_test/331.ucl
Syntax error on line 8: unpaired '{'.
module main {


uclid parser_test/332.ucl
Syntax error on line 20: unpaird '{' .
	next{ control{ 


uclid parser_test/333.ucl
Syntax error on line 34: unpaird '{' .
	{ integer; 


uclid parser_test/334.ucl
Syntax error on line 34: unpaird '{' .
	next{ type unroll(5); 


uclid parser_test/335.ucl
Syntax error on parser_test/335.ucl, line 22: end of input expected.
	} } (start 


uclid parser_test/336.ucl
Syntax error on line 39: Syntax Error after keyword ensure.
	ensures if(n2 ((o1.1==o1.2&&o2.1==o2.2)==>(res.1==res.2));//Determinism


uclid parser_test/337.ucl
Successfully instantiated 1 module(s).
0 assertions passed.
0 assertions failed.
0 assertions indeterminate.
Finished execution for module: main.


uclid parser_test/338.ucl
Syntax error on line 7: unpaired '{'.
module main {


uclid parser_test/339.ucl
Syntax error on line 7: unpaired '{'.
module sub


uclid parser_test/33.ucl
Syntax error on line 15: unpaired '{'.
module queue


uclid parser_test/340.ucl
Syntax error on line 33: Syntax Error in Procedure block.
    procedure foo()


uclid parser_test/341.ucl
Syntax error on line 11: unpaired '{'.
module main


uclid parser_test/342.ucl
Syntax error on line 6: unpaired '{'.
module main


uclid parser_test/343.ucl
Error at parser_test/343.ucl, line 66: Identifier was not declared modifiable: cmd.
      opcode[1:0] == 0bv2 : { cmd = add; }
                              ^
Error at parser_test/343.ucl, line 67: Identifier was not declared modifiable: cmd.
      opcode[1:0] == 1bv2 : { cmd = sub; }
                              ^
Error at parser_test/343.ucl, line 68: Identifier was not declared modifiable: cmd.
      default             : { cmd = nop; }
                              ^
Parsing failed. 3 errors found.


uclid parser_test/344.ucl
Syntax error on line 10: cannot find key word module.
	modulemodule2 } {


uclid parser_test/345.ucl
Syntax error on line 17: cannot find key word module.
	moduleISR_func{ 


uclid parser_test/346.ucl
Syntax error on line 18: Syntax Error in Expression.
    numbers[false,] = -index;


uclid parser_test/347.ucl
Syntax error on line 8: unpaired '{'.
module main {


uclid parser_test/348.ucl
Type error at line 38: Unknown variable in LHS: nums.
    call (nums') = sum(w);
          ^
Parsing failed. 1 errors found.


uclid parser_test/349.ucl
Syntax error on line 16: Syntax Error in Expression.
	assume(y>=0); i); { x, 


uclid parser_test/34.ucl
Type error at line 33: Unknown variable in LHS: tail.
    tail = tail + 1;
    ^
Type error at line 27: Unknown identifier: tail.
  invariant push_affects_tail: initialized ==> (push_valid ==> (tail == past(tail) + 1));
                                                                ^
Type error at line 33: Unknown identifier: tail.
    tail = tail + 1;
           ^
Type error at line 27: Unknown identifier: tail.
  invariant push_affects_tail: initialized ==> (push_valid ==> (tail == past(tail) + 1));
                                                                             ^
Type error at line 15: Unknown variable in LHS: tail.
    tail = 0;
    ^
Parsing failed. 5 errors found.


uclid parser_test/350.ucl
Syntax error on line 14: .
    grammar max_grammar (x : integer, y : integer) : integer = {


uclid parser_test/351.ucl
Syntax error on line 10: Syntax Error after keyword module.
	module } main


uclid parser_test/352.ucl
Syntax error on parser_test/352.ucl, line 16: end of input expected.
    procedure [inline] update_array() returns (arrP: [bv8]bv8)


uclid parser_test/353.ucl
Syntax error on line 7: loss of '{'.
module main


uclid parser_test/354.ucl
Syntax error on line 16: Syntax Error after keyword case.
    case


uclid parser_test/355.ucl
Syntax error on line 8: unpaired '{'.
module main


uclid parser_test/356.ucl
Syntax error on line 7: unpaired '{'.
module main


uclid parser_test/357.ucl
Syntax error on line 8: unpaired '{'.
module main {


uclid parser_test/358.ucl
Syntax error on line 7: unpaired '{'.
module main {


uclid parser_test/359.ucl
Syntax error on line 40: unpaired '{'.
module main {


uclid parser_test/35.ucl
Syntax error on line 14: unpaired '{'.
module main 


uclid parser_test/360.ucl
Syntax error on line 13: .
  define next_color(c : color_t) : color_t =


uclid parser_test/361.ucl
Syntax error on line 19: unpaird '{' .
  next {


uclid parser_test/362.ucl
Syntax error on parser_test/362.ucl, line 9: end of input expected.
{


uclid parser_test/363.ucl
Error at parser_test/363.ucl, line 30: Multiple updates to identifier(s): z.
    z = x - y;
    ^
Parsing failed. 1 errors found.


uclid parser_test/364.ucl
Error at parser_test/364.ucl, line 22: Macro does not exist.
	regFile[addr]=data; check; 
	                    ^
Parsing failed. 1 errors found.


uclid parser_test/365.ucl
Syntax error on parser_test/365.ucl, line 7: end of input expected.
*/


uclid parser_test/366.ucl
Syntax error on line 7: unpaired '{'.
module main


uclid parser_test/367.ucl
Syntax error on line 6: unpaired '{'.
module main


uclid parser_test/368.ucl
Syntax error on line 25: unpaird '{' .
  procedure half_adder1(a : bit_t, b : bit_t) returns (s : bit_t, c_out : bit_t) {


uclid parser_test/369.ucl
Syntax error on parser_test/369.ucl, line 7: end of input expected.
{


uclid parser_test/36.ucl
Syntax error on line 12: Syntax Error after keyword init.
	init v.print_cex_json(i); } 3; 0; {


uclid parser_test/370.ucl
Syntax error on line 27: Syntax Error after keyword ensure.
	ensures((res== = 0)==>(collectionItemOne._1==collectionItemTwo._1&&collectionItemOne._2==collectionItemTwo._2&&


uclid parser_test/371.ucl
Successfully instantiated 1 module(s).
2 assertions passed.
1 assertions failed.
0 assertions indeterminate.
  PASSED -> v: verify_test [Step #1] postcondition @ parser_test/371.ucl, line 12
  PASSED -> v: verify_test [Step #1] assertion @ parser_test/371.ucl, line 23
  FAILED -> v: verify_test [Step #1] precondition @ parser_test/371.ucl, line 11
Finished execution for module: main.


uclid parser_test/372.ucl
Syntax error on line 9: loss of '{'.
module main


uclid parser_test/373.ucl
Syntax error on line 12: Syntax Error in Procedure block.
    procedure works()


uclid parser_test/374.ucl
Syntax error on line 6: unpaired '{'.
module main


uclid parser_test/375.ucl
Syntax error on line 148: cannot find key word module.
	} What 


uclid parser_test/376.ucl
Syntax error on line 12: Syntax Error after keyword assume.
	init{ assume 


uclid parser_test/377.ucl
Syntax error on line 25: Syntax Error after keyword init.
	init b {


uclid parser_test/378.ucl
Syntax error on line 8: unpaired '{'.
module main {


uclid parser_test/379.ucl
Syntax error on line 17: unpaird '{' .
    next {


uclid parser_test/37.ucl


uclid parser_test/380.ucl
Type error at line 17: Unknown identifier: v.
        assert(v==0);
               ^
Type error at line 23: Unknown variable in LHS: v.
        v = 0;
        ^
Type error at line 25: Unknown identifier: v.
        assert(v==0);
               ^
Parsing failed. 3 errors found.


uclid parser_test/381.ucl
Syntax error on line 8: unpaired '{'.
module main {


uclid parser_test/382.ucl
Syntax error on line 10: unpaird '{' .
    init {


uclid parser_test/383.ucl
Syntax error on line 34: cannot find key word module.
        v.print_cex(x, y);


uclid parser_test/384.ucl
Syntax error on line 67: .
	v.print_cex(tupOne, } } tupTwo,res);


uclid parser_test/385.ucl
Successfully instantiated 1 module(s).
16 assertions passed.
0 assertions failed.
0 assertions indeterminate.
  PASSED -> v$2: verify_compare$2 [Step #1] postcondition @ parser_test/385.ucl, line 14
  PASSED -> v$2: verify_compare$2 [Step #1] postcondition @ parser_test/385.ucl, line 14
  PASSED -> v$2: verify_compare$2 [Step #1] postcondition @ parser_test/385.ucl, line 14
  PASSED -> v$2: verify_compare$2 [Step #1] postcondition @ parser_test/385.ucl, line 14
  PASSED -> v$2: verify_compare$2 [Step #1] postcondition @ parser_test/385.ucl, line 21
  PASSED -> v$2: verify_compare$2 [Step #1] postcondition @ parser_test/385.ucl, line 21
  PASSED -> v$2: verify_compare$2 [Step #1] postcondition @ parser_test/385.ucl, line 22
  PASSED -> v$2: verify_compare$2 [Step #1] postcondition @ parser_test/385.ucl, line 22
  PASSED -> v$2: verify_compare$2 [Step #1] postcondition @ parser_test/385.ucl, line 23
  PASSED -> v$2: verify_compare$2 [Step #1] postcondition @ parser_test/385.ucl, line 23
  PASSED -> v$2: verify_compare$2 [Step #1] postcondition @ parser_test/385.ucl, line 24
  PASSED -> v: verify_compare [Step #1] postcondition @ parser_test/385.ucl, line 14
  PASSED -> v: verify_compare [Step #1] postcondition @ parser_test/385.ucl, line 14
  PASSED -> v: verify_compare [Step #1] postcondition @ parser_test/385.ucl, line 21
  PASSED -> v: verify_compare [Step #1] postcondition @ parser_test/385.ucl, line 22
  PASSED -> v: verify_compare [Step #1] postcondition @ parser_test/385.ucl, line 23
Finished execution for module: main.


uclid parser_test/386.ucl
Syntax error on line 28: Syntax Error after keyword call.
	call() main =g();


uclid parser_test/387.ucl
Syntax error on line 16: unpaird '{' .
    {


uclid parser_test/38.ucl
Syntax error on parser_test/38.ucl, line 29: end of input expected.
	} } 


uclid parser_test/39.ucl
Syntax error on line 23: unpaird '{' .
  {


uclid parser_test/3.ucl
Syntax error on line 7: unpaired '{'.
module main


uclid parser_test/40.ucl
Syntax error on line 36: unpaird '{' .
    next {


uclid parser_test/41.ucl
Type error at line 24: Unknown identifier: res.
  instance alu_i : alu (a : (r0'), result : (res));
                                             ^
Type error at line 30: Unknown identifier: regs.
    r0 = regs[r0ind];
         ^
Type error at line 42: Unknown identifier: res.
    call set_regs(index', res');
                          ^
Parsing failed. 3 errors found.


uclid parser_test/42.ucl
Syntax error on line 7: unpaired '{'.
module main


uclid parser_test/43.ucl
Syntax error on line 7: cannot find key word module.
	modulemain check; check; } } print_results; } check; {


uclid parser_test/44.ucl
Syntax error on line 15: .
	v } =bmc(5);


uclid parser_test/45.ucl
Syntax error on parser_test/45.ucl, line 18: end of input expected.
    instance i1 : incr();


uclid parser_test/46.ucl
Syntax error on line 22: .
    grammar max_grammar(x, y)


uclid parser_test/47.ucl
Syntax error on line 13: Syntax Error in Expression.
	b } x' =false;


uclid parser_test/48.ucl
Syntax error on parser_test/48.ucl, line 9: end of input expected.
    var x, y : integer;


uclid parser_test/49.ucl
Syntax error on line 9: unpaired '{'.
module main {


uclid parser_test/4.ucl
Syntax error on line 13: Syntax Error in Procedure block.
    procedure [noinline] bar()


uclid parser_test/50.ucl
Syntax error on line 6: unpaired '{'.
module main {


uclid parser_test/51.ucl
Successfully instantiated 1 module(s).
0 assertions passed.
0 assertions failed.
0 assertions indeterminate.
Finished execution for module: main.


uclid parser_test/52.ucl
Syntax error on line 13: Syntax Error in Expression.
            x >=_u y ||


uclid parser_test/53.ucl
Syntax error on line 21: Syntax Error after keyword havoc.
	havoc init cache1;


uclid parser_test/54.ucl
Syntax error on line 17: Syntax Error after keyword if.
	if(a==b) (res if(a==b) 


uclid parser_test/55.ucl
Command unroll is deprecated. Please use bmc, or bmc_noLTL in future for non-LTL properties
Command unroll is deprecated. Please use bmc, or bmc_noLTL in future for non-LTL properties
Successfully instantiated 1 module(s).


uclid parser_test/56.ucl
Syntax error on line 11: Syntax Error after keyword defineAxiom.
	axiom } collision_resistance:


uclid parser_test/57.ucl
Syntax error on parser_test/57.ucl, line 7: end of input expected.
    var x : integer;


uclid parser_test/58.ucl
Syntax error on line 21: Syntax Error in Procedure block.
  procedure three(flag : boolean) 


uclid parser_test/59.ucl
Syntax error on line 6: unpaired '{'.
module main {


uclid parser_test/5.ucl
Successfully instantiated 2 module(s).

module main {
  procedure sub_one(w: bv32) returns (result: bv32)
    { //
      result = (w - 1bv32); // parser_test/5.ucl, line 32
    }
  type word_t = bv32; // parser_test/5.ucl, line 19
  init // line 0
    { //
      skip; // line 0
    }
  next // line 0
    { //
      skip; // line 0
    }
  define word_add (w1: bv32, w2: bv32): bv32 = (w1 + w2);
  procedure add_one(w: bv32) returns (result: bv32)
    { //
      result = (w + 1bv32); // parser_test/5.ucl, line 26
    }
  define word_sub (w1: bv32, w2: bv32): bv32 = (w1 - w2);
  control {
    print_module; // parser_test/5.ucl, line 36
  }
  // instance_var_map { 
  // } end_instance_var_map
  // macro_annotation_map { 
  // } end_macro_annotation_map
}

Finished execution for module: main.


uclid parser_test/60.ucl
Syntax error on line 10: Syntax Error in Procedure block.
  procedure sum(arr : [integer]integer, n : integer)


uclid parser_test/61.ucl
Syntax error on line 17: unpaird '{' .
	init {


uclid parser_test/62.ucl
Syntax error on line 23: Syntax Error after keyword property.
	property z global_z:z;


uclid parser_test/63.ucl
Syntax error on line 7: unpaired '{'.
module main


uclid parser_test/64.ucl
Syntax error on line 7: unpaired '{'.
module main {


uclid parser_test/65.ucl
Syntax error on line 16: Syntax Error in Expression.
	vars:boolean;//(A) modifies 


uclid parser_test/66.ucl
Syntax error on line 20: unpaird '{' .
	ensures(score==(2*index)); { 


uclid parser_test/67.ucl
Syntax error on parser_test/67.ucl, line 9: end of input expected.
	var a: bv8;


uclid parser_test/68.ucl
Successfully instantiated 1 module(s).
CEX for v$2: verify_isGreaterThanOrEqualUtil$2 [Step #1] postcondition @ parser_test/68.ucl, line 36
=================================
Step #0
  tupOne.1 : (_tuple_0 0 3)
  tupOne.2 : (_tuple_0 0 0)
  tupTwo.1 : (_tuple_0 1 2)
  tupTwo.2 : (_tuple_0 0 0)
  res.1 : true
  res.2 : false
=================================
=================================
Step #1
  tupOne.1 : (_tuple_0 0 3)
  tupOne.2 : (_tuple_0 0 0)
  tupTwo.1 : (_tuple_0 1 2)
  tupTwo.2 : (_tuple_0 0 0)
  res.1 : true
  res.2 : false
=================================
CEX for v$2: verify_isGreaterThanOrEqualUtil$2 [Step #1] postcondition @ parser_test/68.ucl, line 36
=================================
Step #0
  tupOne.1 : (_tuple_0 0 0)
  tupOne.2 : (_tuple_0 (- 1) 3)
  tupTwo.1 : (_tuple_0 0 0)
  tupTwo.2 : (_tuple_0 0 2)
  res.1 : false
  res.2 : true
=================================
=================================
Step #1
  tupOne.1 : (_tuple_0 0 0)
  tupOne.2 : (_tuple_0 (- 1) 3)
  tupTwo.1 : (_tuple_0 0 0)
  tupTwo.2 : (_tuple_0 0 2)
  res.1 : false
  res.2 : true
=================================
CEX for v$2: verify_isGreaterThanOrEqualUtil$2 [Step #1] postcondition @ parser_test/68.ucl, line 38
=================================
Step #0
  tupOne.1 : (_tuple_0 0 0)
  tupOne.2 : (_tuple_0 0 0)
  tupTwo.1 : (_tuple_0 2 0)
  tupTwo.2 : (_tuple_0 2 0)
  res.1 : false
  res.2 : true
=================================
=================================
Step #1
  tupOne.1 : (_tuple_0 0 0)
  tupOne.2 : (_tuple_0 0 0)
  tupTwo.1 : (_tuple_0 2 0)
  tupTwo.2 : (_tuple_0 2 0)
  res.1 : false
  res.2 : true
=================================
CEX for v$2: verify_isGreaterThanOrEqualUtil$2 [Step #1] postcondition @ parser_test/68.ucl, line 39
=================================
Step #0
  tupOne.1 : (_tuple_0 0 0)
  tupOne.2 : (_tuple_0 2 0)
  tupTwo.1 : (_tuple_0 2 0)
  tupTwo.2 : (_tuple_0 0 0)
  res.1 : false
  res.2 : false
=================================
=================================
Step #1
  tupOne.1 : (_tuple_0 0 0)
  tupOne.2 : (_tuple_0 2 0)
  tupTwo.1 : (_tuple_0 2 0)
  tupTwo.2 : (_tuple_0 0 0)
  res.1 : false
  res.2 : false
=================================
CEX for v$2: verify_isGreaterThanOrEqualUtil$2 [Step #1] postcondition @ parser_test/68.ucl, line 40
=================================
Step #0
  tupOne.1 : (_tuple_0 0 0)
  tupOne.2 : (_tuple_0 2 0)
  tupTwo.1 : (_tuple_0 2 0)
  tupTwo.2 : (_tuple_0 0 0)
  res.1 : false
  res.2 : true
=================================
=================================
Step #1
  tupOne.1 : (_tuple_0 0 0)
  tupOne.2 : (_tuple_0 2 0)
  tupTwo.1 : (_tuple_0 2 0)
  tupTwo.2 : (_tuple_0 0 0)
  res.1 : false
  res.2 : true
=================================
CEX for v: verify_isGreaterThanOrEqualUtil [Step #1] postcondition @ parser_test/68.ucl, line 36
=================================
Step #0
  tupOne : (_tuple_0 0 2)
  tupTwo : (_tuple_0 1 3)
  res : true
=================================
=================================
Step #1
  tupOne : (_tuple_0 0 2)
  tupTwo : (_tuple_0 1 3)
  res : true
=================================
0 assertions passed.
6 assertions failed.
0 assertions indeterminate.
  FAILED -> v$2: verify_isGreaterThanOrEqualUtil$2 [Step #1] postcondition @ parser_test/68.ucl, line 36
  FAILED -> v$2: verify_isGreaterThanOrEqualUtil$2 [Step #1] postcondition @ parser_test/68.ucl, line 36
  FAILED -> v$2: verify_isGreaterThanOrEqualUtil$2 [Step #1] postcondition @ parser_test/68.ucl, line 38
  FAILED -> v$2: verify_isGreaterThanOrEqualUtil$2 [Step #1] postcondition @ parser_test/68.ucl, line 39
  FAILED -> v$2: verify_isGreaterThanOrEqualUtil$2 [Step #1] postcondition @ parser_test/68.ucl, line 40
  FAILED -> v: verify_isGreaterThanOrEqualUtil [Step #1] postcondition @ parser_test/68.ucl, line 36
Finished execution for module: main.


uclid parser_test/69.ucl
Syntax error on parser_test/69.ucl, line 7: end of input expected.
/*


uclid parser_test/6.ucl
Syntax error on line 17: Syntax Error in Expression.
	{ add(a call 


uclid parser_test/70.ucl
Error at parser_test/70.ucl, line 22: Identifier was not declared modifiable: x.
        call foo();
        ^
Error at parser_test/70.ucl, line 22: Identifier was not declared modifiable: y.
        call foo();
        ^
Parsing failed. 2 errors found.


uclid parser_test/71.ucl
Syntax error on line 8: unpaired '{'.
module main


uclid parser_test/72.ucl
Syntax error on line 8: unpaired '{'.
module main


uclid parser_test/73.ucl
Syntax error on line 23: unpaird '{' .
    {       


uclid parser_test/74.ucl
Syntax error on line 14: Syntax Error on Forall grammer.
  axiom collision_resistance : (forall (x1, x2 : integer, t1, t2 : measurement_t) :: 


uclid parser_test/75.ucl
Syntax error on line 32: unpaird '{' .
    {


uclid parser_test/76.ucl
Type error at line 23: Unknown identifier: x.
        assert(x == 0);
               ^
Type error at line 21: Unknown variable in LHS: x.
        x = 2;
        ^
Type error at line 25: Unknown identifier: x.
        assert(x == 0);
               ^
Type error at line 12: Unknown variable in LHS: x.
        x = 0;
        ^
Type error at line 16: Unknown variable in LHS: x.
        x = 1;
        ^
Parsing failed. 5 errors found.


uclid parser_test/77.ucl
Syntax error on line 11: Bad VarsDecl.
	var initialized' initialized:boolean;


uclid parser_test/78.ucl
Syntax error on line 14: unpaird '{' .
  next {


uclid parser_test/79.ucl
Syntax error on line 12: unpaired '{'.
module common {


uclid parser_test/7.ucl
Syntax error on line 8: unpaired '{'.
module main {


uclid parser_test/80.ucl
Syntax error on line 7: unpaired '{'.
module sub


uclid parser_test/81.ucl
Error at parser_test/81.ucl, line 13: Recursion involving procedure(s): f.
        call () = f();
                  ^
Parsing failed. 1 errors found.


uclid parser_test/82.ucl
Syntax error on line 8: unpaired '{'.
module main {


uclid parser_test/83.ucl
Syntax error on line 15: unpaird '{' .
	} { else{


uclid parser_test/84.ucl
Syntax error on line 7: unpaired '{'.
module main


uclid parser_test/85.ucl
Syntax error on line 6: unpaired '{'.
module main {


uclid parser_test/86.ucl
Syntax error on line 9: unpaired '{'.
module main


uclid parser_test/87.ucl
Syntax error on line 8: unpaired '{'.
module main {


uclid parser_test/88.ucl
Syntax error on parser_test/88.ucl, line 9: end of input expected.
{


uclid parser_test/89.ucl
Syntax error on line 6: unpaired '{'.
module main {


uclid parser_test/8.ucl
Syntax error on line 13: unpaird '{' .
  init {


uclid parser_test/90.ucl
Syntax error on parser_test/90.ucl, line 9: end of input expected.
    type cache_t = record { valid : boolean, value : integer };


uclid parser_test/91.ucl
Syntax error on : unpaired '{' in Record block.



uclid parser_test/92.ucl
Syntax error on line 12: unpaired '{'.
module main


uclid parser_test/93.ucl
Syntax error on line 13: Syntax Error after keyword module.
	module const main{


uclid parser_test/94.ucl
Syntax error on line 6: unpaired '{'.
module main {


uclid parser_test/95.ucl
Parser error line 15: Type synonym 'myenum' used without declaration in module 'main'.
    var enum1 : myenum;
                ^


uclid parser_test/96.ucl
Syntax error on line 16: unpaired '{'.
module main 


uclid parser_test/97.ucl
Successfully instantiated 2 module(s).
5 assertions passed.
2 assertions failed.
0 assertions indeterminate.
  PASSED -> child_sum_verif: verify_child_sum [Step #1] precondition @ parser_test/97.ucl, line 23
  PASSED -> child_sum_verif: verify_child_sum [Step #1] precondition @ parser_test/97.ucl, line 24
  PASSED -> child_sum_verif: verify_child_sum [Step #1] postcondition @ parser_test/97.ucl, line 61
  PASSED -> child_sum_verif: verify_child_sum [Step #1] postcondition @ parser_test/97.ucl, line 62
  PASSED -> child_sum_verif: verify_child_sum [Step #1] postcondition @ parser_test/97.ucl, line 64
  FAILED -> child_sum_verif: verify_child_sum [Step #1] assertion @ parser_test/97.ucl, line 69
  FAILED -> child_sum_verif: verify_child_sum [Step #1] postcondition @ parser_test/97.ucl, line 63
CEX for child_sum_verif: verify_child_sum [Step #1] assertion @ parser_test/97.ucl, line 69
=================================
Step #0
  w : 1
  (numbers)[1] : 0
  (numbers)[2] : 0
  (numbers)[3] : 0
  (numbers)[4] : 0
  (numbers)[5] : 0
=================================
=================================
Step #1
  w : 1
  (numbers)[1] : 2
  (numbers)[2] : 3
  (numbers)[3] : 4
  (numbers)[4] : 4
  (numbers)[5] : 4
=================================
CEX for child_sum_verif: verify_child_sum [Step #1] postcondition @ parser_test/97.ucl, line 63
=================================
Step #0
  w : 4
  (numbers)[1] : 0
  (numbers)[2] : 0
  (numbers)[3] : 0
  (numbers)[4] : 0
  (numbers)[5] : 0
=================================
=================================
Step #1
  w : 4
  (numbers)[1] : 2
  (numbers)[2] : 3
  (numbers)[3] : 4
  (numbers)[4] : 4
  (numbers)[5] : 4
=================================
Finished execution for module: main.


uclid parser_test/98.ucl
Syntax error on line 7: unpaired '{'.
module common {


uclid parser_test/99.ucl
Syntax error on line 6: unpaired '{'.
module main {


uclid parser_test/9.ucl
Syntax error on line 38: unpaird '{' .
  {
